

 *************************************************
 Bordvoll-Berechung --> Q=    10.000 m**3/s
 *************************************************


 Starte Berechnung an Profil:    41.7200

 Starte Berechnung an Profil:    41.7400

 Starte Berechnung an Profil:    41.7450

 Starte Berechnung an Profil:    41.8000

 Starte Berechnung an Profil:    41.9000

 Starte Berechnung an Profil:    42.0000

 Starte Berechnung an Profil:    42.0350

 Starte Berechnung an Profil:    42.1000

 Starte Berechnung an Profil:    42.2000

 Starte Berechnung an Profil:    42.3000

 Starte Berechnung an Profil:    42.4000

 Starte Berechnung an Profil:    42.5000

 Starte Berechnung an Profil:    42.6000

 Starte Berechnung an Profil:    42.7000

 Starte Berechnung an Profil:    42.8000

 Starte Berechnung an Profil:    42.8950

 Starte Berechnung an Profil:    42.9000

 Starte Berechnung an Profil:    43.0000

 Starte Berechnung an Profil:    43.1000

 Starte Berechnung an Profil:    43.2000

 Starte Berechnung an Profil:    43.3000

 Starte Berechnung an Profil:    43.4000

 Starte Berechnung an Profil:    43.5000

 Starte Berechnung an Profil:    43.6000

 Starte Berechnung an Profil:    43.7000

 Starte Berechnung an Profil:    43.8000

 Starte Berechnung an Profil:    43.9000

 Starte Berechnung an Profil:    43.9820

 Starte Berechnung an Profil:    44.0000

 Starte Berechnung an Profil:    44.1000

 Starte Berechnung an Profil:    44.2000

 Starte Berechnung an Profil:    44.3000

 Starte Berechnung an Profil:    44.3900

 Starte Berechnung an Profil:    44.4000

 Starte Berechnung an Profil:    44.4050

 Starte Berechnung an Profil:    44.4250

 Starte Berechnung an Profil:    44.5000

 Starte Berechnung an Profil:    44.6000

 Starte Berechnung an Profil:    44.7000

 Starte Berechnung an Profil:    44.8000

 Starte Berechnung an Profil:    44.9000

 Starte Berechnung an Profil:    45.0000

 Starte Berechnung an Profil:    45.1000

 Starte Berechnung an Profil:    45.2000

 Starte Berechnung an Profil:    45.3000

 Starte Berechnung an Profil:    45.4000

 Starte Berechnung an Profil:    45.5000

 Starte Berechnung an Profil:    45.6000

 Starte Berechnung an Profil:    45.7000

 Starte Berechnung an Profil:    45.8000

 Starte Berechnung an Profil:    45.9000

 Starte Berechnung an Profil:    46.0000

 Starte Berechnung an Profil:    46.0160

 Starte Berechnung an Profil:    46.1000

 Starte Berechnung an Profil:    46.2000

 Starte Berechnung an Profil:    46.3000

 Starte Berechnung an Profil:    46.4000

 Starte Berechnung an Profil:    46.5000

 Starte Berechnung an Profil:    46.6000

 Starte Berechnung an Profil:    46.7000

 Starte Berechnung an Profil:    46.8000

 Starte Berechnung an Profil:    46.9000

 Starte Berechnung an Profil:    47.0000

 Starte Berechnung an Profil:    47.1000

 Starte Berechnung an Profil:    47.2000

 Starte Berechnung an Profil:    47.3000


 *************************************************
 Bordvoll-Berechung --> Q=    30.000 m**3/s
 *************************************************


 Starte Berechnung an Profil:    41.7200

 Starte Berechnung an Profil:    41.7400

 Starte Berechnung an Profil:    41.7450

 Starte Berechnung an Profil:    41.8000

 Starte Berechnung an Profil:    41.9000

 Starte Berechnung an Profil:    42.0000

 Starte Berechnung an Profil:    42.0350

 Starte Berechnung an Profil:    42.1000

 Starte Berechnung an Profil:    42.2000

 Starte Berechnung an Profil:    42.3000

 Starte Berechnung an Profil:    42.4000

 Starte Berechnung an Profil:    42.5000

 Starte Berechnung an Profil:    42.6000

 Starte Berechnung an Profil:    42.7000

 Starte Berechnung an Profil:    42.8000

 Starte Berechnung an Profil:    42.8950

 Starte Berechnung an Profil:    42.9000

 Starte Berechnung an Profil:    43.0000

 Starte Berechnung an Profil:    43.1000

 Starte Berechnung an Profil:    43.2000

 Starte Berechnung an Profil:    43.3000

 Starte Berechnung an Profil:    43.4000

 Starte Berechnung an Profil:    43.5000

 Starte Berechnung an Profil:    43.6000

 Starte Berechnung an Profil:    43.7000

 Starte Berechnung an Profil:    43.8000

 Starte Berechnung an Profil:    43.9000

 Starte Berechnung an Profil:    43.9820

 Starte Berechnung an Profil:    44.0000

 Starte Berechnung an Profil:    44.1000

 Starte Berechnung an Profil:    44.2000

 Starte Berechnung an Profil:    44.3000

 Starte Berechnung an Profil:    44.3900

 Starte Berechnung an Profil:    44.4000

 Starte Berechnung an Profil:    44.4050

 Starte Berechnung an Profil:    44.4250

 Starte Berechnung an Profil:    44.5000

 Starte Berechnung an Profil:    44.6000

 Starte Berechnung an Profil:    44.7000

 Starte Berechnung an Profil:    44.8000

 Starte Berechnung an Profil:    44.9000

 Starte Berechnung an Profil:    45.0000

 Starte Berechnung an Profil:    45.1000

 Starte Berechnung an Profil:    45.2000

 Starte Berechnung an Profil:    45.3000

 Starte Berechnung an Profil:    45.4000

 Starte Berechnung an Profil:    45.5000

 Starte Berechnung an Profil:    45.6000

 Starte Berechnung an Profil:    45.7000

 Starte Berechnung an Profil:    45.8000

 Starte Berechnung an Profil:    45.9000

 Starte Berechnung an Profil:    46.0000

 Starte Berechnung an Profil:    46.0160

 Starte Berechnung an Profil:    46.1000

 Starte Berechnung an Profil:    46.2000

 Starte Berechnung an Profil:    46.3000

 Starte Berechnung an Profil:    46.4000

 Starte Berechnung an Profil:    46.5000

 Starte Berechnung an Profil:    46.6000

 Starte Berechnung an Profil:    46.7000

 Starte Berechnung an Profil:    46.8000

 Starte Berechnung an Profil:    46.9000

 Starte Berechnung an Profil:    47.0000

 Starte Berechnung an Profil:    47.1000

 Starte Berechnung an Profil:    47.2000

 Starte Berechnung an Profil:    47.3000


 *************************************************
 Bordvoll-Berechung --> Q=    50.000 m**3/s
 *************************************************


 Starte Berechnung an Profil:    41.7200

 Starte Berechnung an Profil:    41.7400

 Starte Berechnung an Profil:    41.7450

 Starte Berechnung an Profil:    41.8000

 Starte Berechnung an Profil:    41.9000

 Starte Berechnung an Profil:    42.0000

 Starte Berechnung an Profil:    42.0350

 Starte Berechnung an Profil:    42.1000

 Starte Berechnung an Profil:    42.2000

 Starte Berechnung an Profil:    42.3000

 Starte Berechnung an Profil:    42.4000

 Starte Berechnung an Profil:    42.5000

 Starte Berechnung an Profil:    42.6000

 Starte Berechnung an Profil:    42.7000

 Starte Berechnung an Profil:    42.8000

 Starte Berechnung an Profil:    42.8950

 Starte Berechnung an Profil:    42.9000

 Starte Berechnung an Profil:    43.0000

 Starte Berechnung an Profil:    43.1000

 Starte Berechnung an Profil:    43.2000

 Starte Berechnung an Profil:    43.3000

 Starte Berechnung an Profil:    43.4000

 Starte Berechnung an Profil:    43.5000

 Starte Berechnung an Profil:    43.6000

 Starte Berechnung an Profil:    43.7000

 Starte Berechnung an Profil:    43.8000

 Starte Berechnung an Profil:    43.9000

 Starte Berechnung an Profil:    43.9820

 Starte Berechnung an Profil:    44.0000

 Starte Berechnung an Profil:    44.1000

 Starte Berechnung an Profil:    44.2000

 Starte Berechnung an Profil:    44.3000

 Starte Berechnung an Profil:    44.3900

 Starte Berechnung an Profil:    44.4000

 Starte Berechnung an Profil:    44.4050

 Starte Berechnung an Profil:    44.4250

 Starte Berechnung an Profil:    44.5000

 Starte Berechnung an Profil:    44.6000

 Starte Berechnung an Profil:    44.7000

 Starte Berechnung an Profil:    44.8000

 Starte Berechnung an Profil:    44.9000

 Starte Berechnung an Profil:    45.0000

 Starte Berechnung an Profil:    45.1000

 Starte Berechnung an Profil:    45.2000

 Starte Berechnung an Profil:    45.3000

 Starte Berechnung an Profil:    45.4000

 Starte Berechnung an Profil:    45.5000

 Starte Berechnung an Profil:    45.6000

 Starte Berechnung an Profil:    45.7000

 Starte Berechnung an Profil:    45.8000

 Starte Berechnung an Profil:    45.9000

 Starte Berechnung an Profil:    46.0000

 Starte Berechnung an Profil:    46.0160

 Starte Berechnung an Profil:    46.1000

 Starte Berechnung an Profil:    46.2000

 Starte Berechnung an Profil:    46.3000

 Starte Berechnung an Profil:    46.4000

 Starte Berechnung an Profil:    46.5000

 Starte Berechnung an Profil:    46.6000

 Starte Berechnung an Profil:    46.7000

 Starte Berechnung an Profil:    46.8000

 Starte Berechnung an Profil:    46.9000

 Starte Berechnung an Profil:    47.0000

 Starte Berechnung an Profil:    47.1000

 Starte Berechnung an Profil:    47.2000

 Starte Berechnung an Profil:    47.3000


 *************************************************
 Bordvoll-Berechung --> Q=    70.000 m**3/s
 *************************************************


 Starte Berechnung an Profil:    41.7200

 Starte Berechnung an Profil:    41.7400

 Starte Berechnung an Profil:    41.7450

 Starte Berechnung an Profil:    41.8000

 Starte Berechnung an Profil:    41.9000

 Starte Berechnung an Profil:    42.0000

 Starte Berechnung an Profil:    42.0350

 Starte Berechnung an Profil:    42.1000

 Starte Berechnung an Profil:    42.2000

 Starte Berechnung an Profil:    42.3000

 Starte Berechnung an Profil:    42.4000

 Starte Berechnung an Profil:    42.5000

 Starte Berechnung an Profil:    42.6000

 Starte Berechnung an Profil:    42.7000

 Starte Berechnung an Profil:    42.8000

 Starte Berechnung an Profil:    42.8950

 Starte Berechnung an Profil:    42.9000

 Starte Berechnung an Profil:    43.0000

 Starte Berechnung an Profil:    43.1000

 Starte Berechnung an Profil:    43.2000

 Starte Berechnung an Profil:    43.3000

 Starte Berechnung an Profil:    43.4000

 Starte Berechnung an Profil:    43.5000

 Starte Berechnung an Profil:    43.6000

 Starte Berechnung an Profil:    43.7000

 Starte Berechnung an Profil:    43.8000

 Starte Berechnung an Profil:    43.9000

 Starte Berechnung an Profil:    43.9820

 Starte Berechnung an Profil:    44.0000

 Starte Berechnung an Profil:    44.1000

 Starte Berechnung an Profil:    44.2000

 Starte Berechnung an Profil:    44.3000

 Starte Berechnung an Profil:    44.3900

 Starte Berechnung an Profil:    44.4000

 Starte Berechnung an Profil:    44.4050

 Starte Berechnung an Profil:    44.4250

 Starte Berechnung an Profil:    44.5000

 Starte Berechnung an Profil:    44.6000

 Starte Berechnung an Profil:    44.7000

 Starte Berechnung an Profil:    44.8000

 Starte Berechnung an Profil:    44.9000

 Starte Berechnung an Profil:    45.0000

 Starte Berechnung an Profil:    45.1000

 Starte Berechnung an Profil:    45.2000

 Starte Berechnung an Profil:    45.3000

 Starte Berechnung an Profil:    45.4000

 Starte Berechnung an Profil:    45.5000

 Starte Berechnung an Profil:    45.6000

 Starte Berechnung an Profil:    45.7000

 Starte Berechnung an Profil:    45.8000

 Starte Berechnung an Profil:    45.9000

 Starte Berechnung an Profil:    46.0000

 Starte Berechnung an Profil:    46.0160

 Starte Berechnung an Profil:    46.1000

 Starte Berechnung an Profil:    46.2000

 Starte Berechnung an Profil:    46.3000

 Starte Berechnung an Profil:    46.4000

 Starte Berechnung an Profil:    46.5000

 Starte Berechnung an Profil:    46.6000

 Starte Berechnung an Profil:    46.7000

 Starte Berechnung an Profil:    46.8000

 Starte Berechnung an Profil:    46.9000

 Starte Berechnung an Profil:    47.0000

 Starte Berechnung an Profil:    47.1000

 Starte Berechnung an Profil:    47.2000

 Starte Berechnung an Profil:    47.3000


 *************************************************
 Bordvoll-Berechung --> Q=    90.000 m**3/s
 *************************************************


 Starte Berechnung an Profil:    41.7200

 Starte Berechnung an Profil:    41.7400

 Starte Berechnung an Profil:    41.7450

 Starte Berechnung an Profil:    41.8000

 Starte Berechnung an Profil:    41.9000

 Starte Berechnung an Profil:    42.0000

 Starte Berechnung an Profil:    42.0350

 Starte Berechnung an Profil:    42.1000

 Starte Berechnung an Profil:    42.2000

 Starte Berechnung an Profil:    42.3000

 Starte Berechnung an Profil:    42.4000

 Starte Berechnung an Profil:    42.5000

 Starte Berechnung an Profil:    42.6000

 Starte Berechnung an Profil:    42.7000

 Starte Berechnung an Profil:    42.8000

 Starte Berechnung an Profil:    42.8950

 Starte Berechnung an Profil:    42.9000

 Starte Berechnung an Profil:    43.0000

 Starte Berechnung an Profil:    43.1000

 Starte Berechnung an Profil:    43.2000

 Starte Berechnung an Profil:    43.3000

 Starte Berechnung an Profil:    43.4000

 Starte Berechnung an Profil:    43.5000

 Starte Berechnung an Profil:    43.6000

 Starte Berechnung an Profil:    43.7000

 Starte Berechnung an Profil:    43.8000

 Starte Berechnung an Profil:    43.9000

 Starte Berechnung an Profil:    43.9820

 Starte Berechnung an Profil:    44.0000

 Starte Berechnung an Profil:    44.1000

 Starte Berechnung an Profil:    44.2000

 Starte Berechnung an Profil:    44.3000

 Starte Berechnung an Profil:    44.3900

 Starte Berechnung an Profil:    44.4000

 Starte Berechnung an Profil:    44.4050

 Starte Berechnung an Profil:    44.4250

 Starte Berechnung an Profil:    44.5000

 Starte Berechnung an Profil:    44.6000

 Starte Berechnung an Profil:    44.7000

 Starte Berechnung an Profil:    44.8000

 Starte Berechnung an Profil:    44.9000

 Starte Berechnung an Profil:    45.0000

 Starte Berechnung an Profil:    45.1000

 Starte Berechnung an Profil:    45.2000

 Starte Berechnung an Profil:    45.3000

 Starte Berechnung an Profil:    45.4000

 Starte Berechnung an Profil:    45.5000

 Starte Berechnung an Profil:    45.6000

 Starte Berechnung an Profil:    45.7000

 Starte Berechnung an Profil:    45.8000

 Starte Berechnung an Profil:    45.9000

 Starte Berechnung an Profil:    46.0000

 Starte Berechnung an Profil:    46.0160

 Starte Berechnung an Profil:    46.1000

 Starte Berechnung an Profil:    46.2000

 Starte Berechnung an Profil:    46.3000

 Starte Berechnung an Profil:    46.4000

 Starte Berechnung an Profil:    46.5000

 Starte Berechnung an Profil:    46.6000

 Starte Berechnung an Profil:    46.7000

 Starte Berechnung an Profil:    46.8000

 Starte Berechnung an Profil:    46.9000

 Starte Berechnung an Profil:    47.0000

 Starte Berechnung an Profil:    47.1000

 Starte Berechnung an Profil:    47.2000

 Starte Berechnung an Profil:    47.3000


 *************************************************
 Bordvoll-Berechung --> Q=   110.000 m**3/s
 *************************************************


 Starte Berechnung an Profil:    41.7200

 Starte Berechnung an Profil:    41.7400

 Starte Berechnung an Profil:    41.7450

 Starte Berechnung an Profil:    41.8000

 Starte Berechnung an Profil:    41.9000

 Starte Berechnung an Profil:    42.0000

 Starte Berechnung an Profil:    42.0350

 Starte Berechnung an Profil:    42.1000

 Starte Berechnung an Profil:    42.2000

 Starte Berechnung an Profil:    42.3000

 Starte Berechnung an Profil:    42.4000

 Starte Berechnung an Profil:    42.5000

 Starte Berechnung an Profil:    42.6000

 Starte Berechnung an Profil:    42.7000

 Starte Berechnung an Profil:    42.8000

 Starte Berechnung an Profil:    42.8950

 Starte Berechnung an Profil:    42.9000

 Starte Berechnung an Profil:    43.0000

 Starte Berechnung an Profil:    43.1000

 Starte Berechnung an Profil:    43.2000

 Starte Berechnung an Profil:    43.3000

 Starte Berechnung an Profil:    43.4000

 Starte Berechnung an Profil:    43.5000

 Starte Berechnung an Profil:    43.6000

 Starte Berechnung an Profil:    43.7000

 Starte Berechnung an Profil:    43.8000

 Starte Berechnung an Profil:    43.9000

 Starte Berechnung an Profil:    43.9820

 Starte Berechnung an Profil:    44.0000

 Starte Berechnung an Profil:    44.1000

 Starte Berechnung an Profil:    44.2000

 Starte Berechnung an Profil:    44.3000

 Starte Berechnung an Profil:    44.3900

 Starte Berechnung an Profil:    44.4000

 Starte Berechnung an Profil:    44.4050

 Starte Berechnung an Profil:    44.4250

 Starte Berechnung an Profil:    44.5000

 Starte Berechnung an Profil:    44.6000

 Starte Berechnung an Profil:    44.7000

 Starte Berechnung an Profil:    44.8000

 Starte Berechnung an Profil:    44.9000

 Starte Berechnung an Profil:    45.0000

 Starte Berechnung an Profil:    45.1000

 Starte Berechnung an Profil:    45.2000

 Starte Berechnung an Profil:    45.3000

 Starte Berechnung an Profil:    45.4000

 Starte Berechnung an Profil:    45.5000

 Starte Berechnung an Profil:    45.6000

 Starte Berechnung an Profil:    45.7000

 Starte Berechnung an Profil:    45.8000

 Starte Berechnung an Profil:    45.9000

 Starte Berechnung an Profil:    46.0000

 Starte Berechnung an Profil:    46.0160

 Starte Berechnung an Profil:    46.1000

 Starte Berechnung an Profil:    46.2000

 Starte Berechnung an Profil:    46.3000

 Starte Berechnung an Profil:    46.4000

 Starte Berechnung an Profil:    46.5000

 Starte Berechnung an Profil:    46.6000

 Starte Berechnung an Profil:    46.7000

 Starte Berechnung an Profil:    46.8000

 Starte Berechnung an Profil:    46.9000

 Starte Berechnung an Profil:    47.0000

 Starte Berechnung an Profil:    47.1000

 Starte Berechnung an Profil:    47.2000

 Starte Berechnung an Profil:    47.3000


 *************************************************
 Bordvoll-Berechung --> Q=   130.000 m**3/s
 *************************************************


 Starte Berechnung an Profil:    41.7200

 Starte Berechnung an Profil:    41.7400

 Starte Berechnung an Profil:    41.7450

 Starte Berechnung an Profil:    41.8000

 Starte Berechnung an Profil:    41.9000

 Starte Berechnung an Profil:    42.0000

 Starte Berechnung an Profil:    42.0350

 Starte Berechnung an Profil:    42.1000

 Starte Berechnung an Profil:    42.2000

 Starte Berechnung an Profil:    42.3000

 Starte Berechnung an Profil:    42.4000

 Starte Berechnung an Profil:    42.5000

 Starte Berechnung an Profil:    42.6000

 Starte Berechnung an Profil:    42.7000

 Starte Berechnung an Profil:    42.8000

 Starte Berechnung an Profil:    42.8950

 Starte Berechnung an Profil:    42.9000

 Starte Berechnung an Profil:    43.0000

 Starte Berechnung an Profil:    43.1000

 Starte Berechnung an Profil:    43.2000

 Starte Berechnung an Profil:    43.3000

 Starte Berechnung an Profil:    43.4000

 Starte Berechnung an Profil:    43.5000

 Starte Berechnung an Profil:    43.6000

 Starte Berechnung an Profil:    43.7000

 Starte Berechnung an Profil:    43.8000

 Starte Berechnung an Profil:    43.9000

 Starte Berechnung an Profil:    43.9820

 Starte Berechnung an Profil:    44.0000

 Starte Berechnung an Profil:    44.1000

 Starte Berechnung an Profil:    44.2000

 Starte Berechnung an Profil:    44.3000

 Starte Berechnung an Profil:    44.3900

 Starte Berechnung an Profil:    44.4000

 Starte Berechnung an Profil:    44.4050

 Starte Berechnung an Profil:    44.4250

 Starte Berechnung an Profil:    44.5000

 Starte Berechnung an Profil:    44.6000

 Starte Berechnung an Profil:    44.7000

 Starte Berechnung an Profil:    44.8000

 Starte Berechnung an Profil:    44.9000

 Starte Berechnung an Profil:    45.0000

 Starte Berechnung an Profil:    45.1000

 Starte Berechnung an Profil:    45.2000

 Starte Berechnung an Profil:    45.3000

 Starte Berechnung an Profil:    45.4000

 Starte Berechnung an Profil:    45.5000

 Starte Berechnung an Profil:    45.6000

 Starte Berechnung an Profil:    45.7000

 Starte Berechnung an Profil:    45.8000

 Starte Berechnung an Profil:    45.9000

 Starte Berechnung an Profil:    46.0000

 Starte Berechnung an Profil:    46.0160

 Starte Berechnung an Profil:    46.1000

 Starte Berechnung an Profil:    46.2000

 Starte Berechnung an Profil:    46.3000

 Starte Berechnung an Profil:    46.4000

 Starte Berechnung an Profil:    46.5000

 Starte Berechnung an Profil:    46.6000

 Starte Berechnung an Profil:    46.7000

 Starte Berechnung an Profil:    46.8000

 Starte Berechnung an Profil:    46.9000

 Starte Berechnung an Profil:    47.0000

 Starte Berechnung an Profil:    47.1000

 Starte Berechnung an Profil:    47.2000

 Starte Berechnung an Profil:    47.3000


 *************************************************
 Bordvoll-Berechung --> Q=   150.000 m**3/s
 *************************************************


 Starte Berechnung an Profil:    41.7200

 Starte Berechnung an Profil:    41.7400

 Starte Berechnung an Profil:    41.7450

 Starte Berechnung an Profil:    41.8000

 Starte Berechnung an Profil:    41.9000

 Starte Berechnung an Profil:    42.0000

 Starte Berechnung an Profil:    42.0350

 Starte Berechnung an Profil:    42.1000

 Starte Berechnung an Profil:    42.2000

 Starte Berechnung an Profil:    42.3000

 Starte Berechnung an Profil:    42.4000

 Starte Berechnung an Profil:    42.5000

 Starte Berechnung an Profil:    42.6000

 Starte Berechnung an Profil:    42.7000

 Starte Berechnung an Profil:    42.8000

 Starte Berechnung an Profil:    42.8950

 Starte Berechnung an Profil:    42.9000

 Starte Berechnung an Profil:    43.0000

 Starte Berechnung an Profil:    43.1000

 Starte Berechnung an Profil:    43.2000

 Starte Berechnung an Profil:    43.3000

 Starte Berechnung an Profil:    43.4000

 Starte Berechnung an Profil:    43.5000

 Starte Berechnung an Profil:    43.6000

 Starte Berechnung an Profil:    43.7000

 Starte Berechnung an Profil:    43.8000

 Starte Berechnung an Profil:    43.9000

 Starte Berechnung an Profil:    43.9820

 Starte Berechnung an Profil:    44.0000

 Starte Berechnung an Profil:    44.1000

 Starte Berechnung an Profil:    44.2000

 Starte Berechnung an Profil:    44.3000

 Starte Berechnung an Profil:    44.3900

 Starte Berechnung an Profil:    44.4000

 Starte Berechnung an Profil:    44.4050

 Starte Berechnung an Profil:    44.4250

 Starte Berechnung an Profil:    44.5000

 Starte Berechnung an Profil:    44.6000

 Starte Berechnung an Profil:    44.7000

 Starte Berechnung an Profil:    44.8000

 Starte Berechnung an Profil:    44.9000

 Starte Berechnung an Profil:    45.0000

 Starte Berechnung an Profil:    45.1000

 Starte Berechnung an Profil:    45.2000

 Starte Berechnung an Profil:    45.3000

 Starte Berechnung an Profil:    45.4000

 Starte Berechnung an Profil:    45.5000

 Starte Berechnung an Profil:    45.6000

 Starte Berechnung an Profil:    45.7000

 Starte Berechnung an Profil:    45.8000

 Starte Berechnung an Profil:    45.9000

 Starte Berechnung an Profil:    46.0000

 Starte Berechnung an Profil:    46.0160

 Starte Berechnung an Profil:    46.1000

 Starte Berechnung an Profil:    46.2000

 Starte Berechnung an Profil:    46.3000

 Starte Berechnung an Profil:    46.4000

 Starte Berechnung an Profil:    46.5000

 Starte Berechnung an Profil:    46.6000

 Starte Berechnung an Profil:    46.7000

 Starte Berechnung an Profil:    46.8000

 Starte Berechnung an Profil:    46.9000

 Starte Berechnung an Profil:    47.0000

 Starte Berechnung an Profil:    47.1000

 Starte Berechnung an Profil:    47.2000

 Starte Berechnung an Profil:    47.3000


 *************************************************
 Bordvoll-Berechung --> Q=   170.000 m**3/s
 *************************************************


 Starte Berechnung an Profil:    41.7200

 Starte Berechnung an Profil:    41.7400

 Starte Berechnung an Profil:    41.7450

 Starte Berechnung an Profil:    41.8000

 Starte Berechnung an Profil:    41.9000

 Starte Berechnung an Profil:    42.0000

 Starte Berechnung an Profil:    42.0350

 Starte Berechnung an Profil:    42.1000

 Starte Berechnung an Profil:    42.2000

 Starte Berechnung an Profil:    42.3000

 Starte Berechnung an Profil:    42.4000

 Starte Berechnung an Profil:    42.5000

 Starte Berechnung an Profil:    42.6000

 Starte Berechnung an Profil:    42.7000

 Starte Berechnung an Profil:    42.8000

 Starte Berechnung an Profil:    42.8950

 Starte Berechnung an Profil:    42.9000

 Starte Berechnung an Profil:    43.0000

 Starte Berechnung an Profil:    43.1000

 Starte Berechnung an Profil:    43.2000

 Starte Berechnung an Profil:    43.3000

 Starte Berechnung an Profil:    43.4000

 Starte Berechnung an Profil:    43.5000

 Starte Berechnung an Profil:    43.6000

 Starte Berechnung an Profil:    43.7000

 Starte Berechnung an Profil:    43.8000

 Starte Berechnung an Profil:    43.9000

 Starte Berechnung an Profil:    43.9820

 Starte Berechnung an Profil:    44.0000

 Starte Berechnung an Profil:    44.1000

 Starte Berechnung an Profil:    44.2000

 Starte Berechnung an Profil:    44.3000

 Starte Berechnung an Profil:    44.3900

 Starte Berechnung an Profil:    44.4000

 Starte Berechnung an Profil:    44.4050

 Starte Berechnung an Profil:    44.4250

 Starte Berechnung an Profil:    44.5000

 Starte Berechnung an Profil:    44.6000

 Starte Berechnung an Profil:    44.7000

 Starte Berechnung an Profil:    44.8000

 Starte Berechnung an Profil:    44.9000

 Starte Berechnung an Profil:    45.0000

 Starte Berechnung an Profil:    45.1000

 Starte Berechnung an Profil:    45.2000

 Starte Berechnung an Profil:    45.3000

 Starte Berechnung an Profil:    45.4000

 Starte Berechnung an Profil:    45.5000

 Starte Berechnung an Profil:    45.6000

 Starte Berechnung an Profil:    45.7000

 Starte Berechnung an Profil:    45.8000

 Starte Berechnung an Profil:    45.9000

 Starte Berechnung an Profil:    46.0000

 Starte Berechnung an Profil:    46.0160

 Starte Berechnung an Profil:    46.1000

 Starte Berechnung an Profil:    46.2000

 Starte Berechnung an Profil:    46.3000

 Starte Berechnung an Profil:    46.4000

 Starte Berechnung an Profil:    46.5000

 Starte Berechnung an Profil:    46.6000

 Starte Berechnung an Profil:    46.7000

 Starte Berechnung an Profil:    46.8000

 Starte Berechnung an Profil:    46.9000

 Starte Berechnung an Profil:    47.0000

 Starte Berechnung an Profil:    47.1000

 Starte Berechnung an Profil:    47.2000

 Starte Berechnung an Profil:    47.3000


 *************************************************
 Bordvoll-Berechung --> Q=   190.000 m**3/s
 *************************************************


 Starte Berechnung an Profil:    41.7200

 Starte Berechnung an Profil:    41.7400

 Starte Berechnung an Profil:    41.7450

 Starte Berechnung an Profil:    41.8000

 Starte Berechnung an Profil:    41.9000

 Starte Berechnung an Profil:    42.0000

 Starte Berechnung an Profil:    42.0350

 Starte Berechnung an Profil:    42.1000

 Starte Berechnung an Profil:    42.2000

 Starte Berechnung an Profil:    42.3000

 Starte Berechnung an Profil:    42.4000

 Starte Berechnung an Profil:    42.5000

 Starte Berechnung an Profil:    42.6000

 Starte Berechnung an Profil:    42.7000

 Starte Berechnung an Profil:    42.8000

 Starte Berechnung an Profil:    42.8950

 Starte Berechnung an Profil:    42.9000

 Starte Berechnung an Profil:    43.0000

 Starte Berechnung an Profil:    43.1000

 Starte Berechnung an Profil:    43.2000

 Starte Berechnung an Profil:    43.3000

 Starte Berechnung an Profil:    43.4000

 Starte Berechnung an Profil:    43.5000

 Starte Berechnung an Profil:    43.6000

 Starte Berechnung an Profil:    43.7000

 Starte Berechnung an Profil:    43.8000

 Starte Berechnung an Profil:    43.9000

 Starte Berechnung an Profil:    43.9820

 Starte Berechnung an Profil:    44.0000

 Starte Berechnung an Profil:    44.1000

 Starte Berechnung an Profil:    44.2000

 Starte Berechnung an Profil:    44.3000

 Starte Berechnung an Profil:    44.3900

 Starte Berechnung an Profil:    44.4000

 Starte Berechnung an Profil:    44.4050

 Starte Berechnung an Profil:    44.4250

 Starte Berechnung an Profil:    44.5000

 Starte Berechnung an Profil:    44.6000

 Starte Berechnung an Profil:    44.7000

 Starte Berechnung an Profil:    44.8000

 Starte Berechnung an Profil:    44.9000

 Starte Berechnung an Profil:    45.0000

 Starte Berechnung an Profil:    45.1000

 Starte Berechnung an Profil:    45.2000

 Starte Berechnung an Profil:    45.3000

 Starte Berechnung an Profil:    45.4000

 Starte Berechnung an Profil:    45.5000

 Starte Berechnung an Profil:    45.6000

 Starte Berechnung an Profil:    45.7000

 Starte Berechnung an Profil:    45.8000

 Starte Berechnung an Profil:    45.9000

 Starte Berechnung an Profil:    46.0000

 Starte Berechnung an Profil:    46.0160

 Starte Berechnung an Profil:    46.1000

 Starte Berechnung an Profil:    46.2000

 Starte Berechnung an Profil:    46.3000

 Starte Berechnung an Profil:    46.4000

 Starte Berechnung an Profil:    46.5000

 Starte Berechnung an Profil:    46.6000

 Starte Berechnung an Profil:    46.7000

 Starte Berechnung an Profil:    46.8000

 Starte Berechnung an Profil:    46.9000

 Starte Berechnung an Profil:    47.0000

 Starte Berechnung an Profil:    47.1000

 Starte Berechnung an Profil:    47.2000

 Starte Berechnung an Profil:    47.3000


 *************************************************
 Bordvoll-Berechung --> Q=   210.000 m**3/s
 *************************************************


 Starte Berechnung an Profil:    41.7200

 Starte Berechnung an Profil:    41.7400

 Starte Berechnung an Profil:    41.7450

 Starte Berechnung an Profil:    41.8000

 Starte Berechnung an Profil:    41.9000

 Starte Berechnung an Profil:    42.0000

 Starte Berechnung an Profil:    42.0350

 Starte Berechnung an Profil:    42.1000

 Starte Berechnung an Profil:    42.2000

 Starte Berechnung an Profil:    42.3000

 Starte Berechnung an Profil:    42.4000

 Starte Berechnung an Profil:    42.5000

 Starte Berechnung an Profil:    42.6000

 Starte Berechnung an Profil:    42.7000

 Starte Berechnung an Profil:    42.8000

 Starte Berechnung an Profil:    42.8950

 Starte Berechnung an Profil:    42.9000

 Starte Berechnung an Profil:    43.0000

 Starte Berechnung an Profil:    43.1000

 Starte Berechnung an Profil:    43.2000

 Starte Berechnung an Profil:    43.3000

 Starte Berechnung an Profil:    43.4000

 Starte Berechnung an Profil:    43.5000

 Starte Berechnung an Profil:    43.6000

 Starte Berechnung an Profil:    43.7000

 Starte Berechnung an Profil:    43.8000

 Starte Berechnung an Profil:    43.9000

 Starte Berechnung an Profil:    43.9820

 Starte Berechnung an Profil:    44.0000

 Starte Berechnung an Profil:    44.1000

 Starte Berechnung an Profil:    44.2000

 Starte Berechnung an Profil:    44.3000

 Starte Berechnung an Profil:    44.3900

 Starte Berechnung an Profil:    44.4000

 Starte Berechnung an Profil:    44.4050

 Starte Berechnung an Profil:    44.4250

 Starte Berechnung an Profil:    44.5000

 Starte Berechnung an Profil:    44.6000

 Starte Berechnung an Profil:    44.7000

 Starte Berechnung an Profil:    44.8000

 Starte Berechnung an Profil:    44.9000

 Starte Berechnung an Profil:    45.0000

 Starte Berechnung an Profil:    45.1000

 Starte Berechnung an Profil:    45.2000

 Starte Berechnung an Profil:    45.3000

 Starte Berechnung an Profil:    45.4000

 Starte Berechnung an Profil:    45.5000

 Starte Berechnung an Profil:    45.6000

 Starte Berechnung an Profil:    45.7000

 Starte Berechnung an Profil:    45.8000

 Starte Berechnung an Profil:    45.9000

 Starte Berechnung an Profil:    46.0000

 Starte Berechnung an Profil:    46.0160

 Starte Berechnung an Profil:    46.1000

 Starte Berechnung an Profil:    46.2000

 Starte Berechnung an Profil:    46.3000

 Starte Berechnung an Profil:    46.4000

 Starte Berechnung an Profil:    46.5000

 Starte Berechnung an Profil:    46.6000

 Starte Berechnung an Profil:    46.7000

 Starte Berechnung an Profil:    46.8000

 Starte Berechnung an Profil:    46.9000

 Starte Berechnung an Profil:    47.0000

 Starte Berechnung an Profil:    47.1000

 Starte Berechnung an Profil:    47.2000

 Starte Berechnung an Profil:    47.3000


 *************************************************
 Bordvoll-Berechung --> Q=   230.000 m**3/s
 *************************************************


 Starte Berechnung an Profil:    41.7200

 Starte Berechnung an Profil:    41.7400

 Starte Berechnung an Profil:    41.7450

 Starte Berechnung an Profil:    41.8000

 Starte Berechnung an Profil:    41.9000

 Starte Berechnung an Profil:    42.0000

 Starte Berechnung an Profil:    42.0350

 Starte Berechnung an Profil:    42.1000

 Starte Berechnung an Profil:    42.2000

 Starte Berechnung an Profil:    42.3000

 Starte Berechnung an Profil:    42.4000

 Starte Berechnung an Profil:    42.5000

 Starte Berechnung an Profil:    42.6000

 Starte Berechnung an Profil:    42.7000

 Starte Berechnung an Profil:    42.8000

 Starte Berechnung an Profil:    42.8950

 Starte Berechnung an Profil:    42.9000

 Starte Berechnung an Profil:    43.0000

 Starte Berechnung an Profil:    43.1000

 Starte Berechnung an Profil:    43.2000

 Starte Berechnung an Profil:    43.3000

 Starte Berechnung an Profil:    43.4000

 Starte Berechnung an Profil:    43.5000

 Starte Berechnung an Profil:    43.6000

 Starte Berechnung an Profil:    43.7000

 Starte Berechnung an Profil:    43.8000

 Starte Berechnung an Profil:    43.9000

 Starte Berechnung an Profil:    43.9820

 Starte Berechnung an Profil:    44.0000

 Starte Berechnung an Profil:    44.1000

 Starte Berechnung an Profil:    44.2000

 Starte Berechnung an Profil:    44.3000

 Starte Berechnung an Profil:    44.3900

 Starte Berechnung an Profil:    44.4000

 Starte Berechnung an Profil:    44.4050

 Starte Berechnung an Profil:    44.4250

 Starte Berechnung an Profil:    44.5000

 Starte Berechnung an Profil:    44.6000

 Starte Berechnung an Profil:    44.7000

 Starte Berechnung an Profil:    44.8000

 Starte Berechnung an Profil:    44.9000

 Starte Berechnung an Profil:    45.0000

 Starte Berechnung an Profil:    45.1000

 Starte Berechnung an Profil:    45.2000

 Starte Berechnung an Profil:    45.3000

 Starte Berechnung an Profil:    45.4000

 Starte Berechnung an Profil:    45.5000

 Starte Berechnung an Profil:    45.6000

 Starte Berechnung an Profil:    45.7000

 Starte Berechnung an Profil:    45.8000

 Starte Berechnung an Profil:    45.9000

 Starte Berechnung an Profil:    46.0000

 Starte Berechnung an Profil:    46.0160

 Starte Berechnung an Profil:    46.1000

 Starte Berechnung an Profil:    46.2000

 Starte Berechnung an Profil:    46.3000

 Starte Berechnung an Profil:    46.4000

 Starte Berechnung an Profil:    46.5000

 Starte Berechnung an Profil:    46.6000

 Starte Berechnung an Profil:    46.7000

 Starte Berechnung an Profil:    46.8000

 Starte Berechnung an Profil:    46.9000

 Starte Berechnung an Profil:    47.0000

 Starte Berechnung an Profil:    47.1000

 Starte Berechnung an Profil:    47.2000

 Starte Berechnung an Profil:    47.3000


 *************************************************
 Bordvoll-Berechung --> Q=   250.000 m**3/s
 *************************************************


 Starte Berechnung an Profil:    41.7200

 Starte Berechnung an Profil:    41.7400

 Starte Berechnung an Profil:    41.7450

 Starte Berechnung an Profil:    41.8000

 Starte Berechnung an Profil:    41.9000

 Starte Berechnung an Profil:    42.0000

 Starte Berechnung an Profil:    42.0350

 Starte Berechnung an Profil:    42.1000

 Starte Berechnung an Profil:    42.2000

 Starte Berechnung an Profil:    42.3000

 Starte Berechnung an Profil:    42.4000

 Starte Berechnung an Profil:    42.5000

 Starte Berechnung an Profil:    42.6000

 Starte Berechnung an Profil:    42.7000

 Starte Berechnung an Profil:    42.8000

 Starte Berechnung an Profil:    42.8950

 Starte Berechnung an Profil:    42.9000

 Starte Berechnung an Profil:    43.0000

 Starte Berechnung an Profil:    43.1000

 Starte Berechnung an Profil:    43.2000

 Starte Berechnung an Profil:    43.3000

 Starte Berechnung an Profil:    43.4000

 Starte Berechnung an Profil:    43.5000

 Starte Berechnung an Profil:    43.6000

 Starte Berechnung an Profil:    43.7000

 Starte Berechnung an Profil:    43.8000

 Starte Berechnung an Profil:    43.9000

 Starte Berechnung an Profil:    43.9820

 Starte Berechnung an Profil:    44.0000

 Starte Berechnung an Profil:    44.1000

 Starte Berechnung an Profil:    44.2000

 Starte Berechnung an Profil:    44.3000

 Starte Berechnung an Profil:    44.3900

 Starte Berechnung an Profil:    44.4000

 Starte Berechnung an Profil:    44.4050

 Starte Berechnung an Profil:    44.4250

 Starte Berechnung an Profil:    44.5000

 Starte Berechnung an Profil:    44.6000

 Starte Berechnung an Profil:    44.7000

 Starte Berechnung an Profil:    44.8000

 Starte Berechnung an Profil:    44.9000

 Starte Berechnung an Profil:    45.0000

 Starte Berechnung an Profil:    45.1000

 Starte Berechnung an Profil:    45.2000

 Starte Berechnung an Profil:    45.3000

 Starte Berechnung an Profil:    45.4000

 Starte Berechnung an Profil:    45.5000

 Starte Berechnung an Profil:    45.6000

 Starte Berechnung an Profil:    45.7000

 Starte Berechnung an Profil:    45.8000

 Starte Berechnung an Profil:    45.9000

 Starte Berechnung an Profil:    46.0000

 Starte Berechnung an Profil:    46.0160

 Starte Berechnung an Profil:    46.1000

 Starte Berechnung an Profil:    46.2000

 Starte Berechnung an Profil:    46.3000

 Starte Berechnung an Profil:    46.4000

 Starte Berechnung an Profil:    46.5000

 Starte Berechnung an Profil:    46.6000

 Starte Berechnung an Profil:    46.7000

 Starte Berechnung an Profil:    46.8000

 Starte Berechnung an Profil:    46.9000

 Starte Berechnung an Profil:    47.0000

 Starte Berechnung an Profil:    47.1000

 Starte Berechnung an Profil:    47.2000

 Starte Berechnung an Profil:    47.3000


 *************************************************
 Bordvoll-Berechung --> Q=   270.000 m**3/s
 *************************************************


 Starte Berechnung an Profil:    41.7200

 Starte Berechnung an Profil:    41.7400

 Starte Berechnung an Profil:    41.7450

 Starte Berechnung an Profil:    41.8000

 Starte Berechnung an Profil:    41.9000

 Starte Berechnung an Profil:    42.0000

 Starte Berechnung an Profil:    42.0350

 Starte Berechnung an Profil:    42.1000

 Starte Berechnung an Profil:    42.2000

 Starte Berechnung an Profil:    42.3000

 Starte Berechnung an Profil:    42.4000

 Starte Berechnung an Profil:    42.5000

 Starte Berechnung an Profil:    42.6000

 Starte Berechnung an Profil:    42.7000

 Starte Berechnung an Profil:    42.8000

 Starte Berechnung an Profil:    42.8950

 Starte Berechnung an Profil:    42.9000

 Starte Berechnung an Profil:    43.0000

 Starte Berechnung an Profil:    43.1000

 Starte Berechnung an Profil:    43.2000

 Starte Berechnung an Profil:    43.3000

 Starte Berechnung an Profil:    43.4000

 Starte Berechnung an Profil:    43.5000

 Starte Berechnung an Profil:    43.6000

 Starte Berechnung an Profil:    43.7000

 Starte Berechnung an Profil:    43.8000

 Starte Berechnung an Profil:    43.9000

 Starte Berechnung an Profil:    43.9820

 Starte Berechnung an Profil:    44.0000

 Starte Berechnung an Profil:    44.1000

 Starte Berechnung an Profil:    44.2000

 Starte Berechnung an Profil:    44.3000

 Starte Berechnung an Profil:    44.3900

 Starte Berechnung an Profil:    44.4000

 Starte Berechnung an Profil:    44.4050

 Starte Berechnung an Profil:    44.4250

 Starte Berechnung an Profil:    44.5000

 Starte Berechnung an Profil:    44.6000

 Starte Berechnung an Profil:    44.7000

 Starte Berechnung an Profil:    44.8000

 Starte Berechnung an Profil:    44.9000

 Starte Berechnung an Profil:    45.0000

 Starte Berechnung an Profil:    45.1000

 Starte Berechnung an Profil:    45.2000

 Starte Berechnung an Profil:    45.3000

 Starte Berechnung an Profil:    45.4000

 Starte Berechnung an Profil:    45.5000

 Starte Berechnung an Profil:    45.6000

 Starte Berechnung an Profil:    45.7000

 Starte Berechnung an Profil:    45.8000

 Starte Berechnung an Profil:    45.9000

 Starte Berechnung an Profil:    46.0000

 Starte Berechnung an Profil:    46.0160

 Starte Berechnung an Profil:    46.1000

 Starte Berechnung an Profil:    46.2000

 Starte Berechnung an Profil:    46.3000

 Starte Berechnung an Profil:    46.4000

 Starte Berechnung an Profil:    46.5000

 Starte Berechnung an Profil:    46.6000

 Starte Berechnung an Profil:    46.7000

 Starte Berechnung an Profil:    46.8000

 Starte Berechnung an Profil:    46.9000

 Starte Berechnung an Profil:    47.0000

 Starte Berechnung an Profil:    47.1000

 Starte Berechnung an Profil:    47.2000

 Starte Berechnung an Profil:    47.3000


 *************************************************
 Bordvoll-Berechung --> Q=   290.000 m**3/s
 *************************************************


 Starte Berechnung an Profil:    41.7200

 Starte Berechnung an Profil:    41.7400

 Starte Berechnung an Profil:    41.7450

 Starte Berechnung an Profil:    41.8000

 Starte Berechnung an Profil:    41.9000

 Starte Berechnung an Profil:    42.0000

 Starte Berechnung an Profil:    42.0350

 Starte Berechnung an Profil:    42.1000

 Starte Berechnung an Profil:    42.2000

 Starte Berechnung an Profil:    42.3000

 Starte Berechnung an Profil:    42.4000

 Starte Berechnung an Profil:    42.5000

 Starte Berechnung an Profil:    42.6000

 Starte Berechnung an Profil:    42.7000

 Starte Berechnung an Profil:    42.8000

 Starte Berechnung an Profil:    42.8950

 Starte Berechnung an Profil:    42.9000

 Starte Berechnung an Profil:    43.0000

 Starte Berechnung an Profil:    43.1000

 Starte Berechnung an Profil:    43.2000

 Starte Berechnung an Profil:    43.3000

 Starte Berechnung an Profil:    43.4000

 Starte Berechnung an Profil:    43.5000

 Starte Berechnung an Profil:    43.6000

 Starte Berechnung an Profil:    43.7000

 Starte Berechnung an Profil:    43.8000

 Starte Berechnung an Profil:    43.9000

 Starte Berechnung an Profil:    43.9820

 Starte Berechnung an Profil:    44.0000

 Starte Berechnung an Profil:    44.1000

 Starte Berechnung an Profil:    44.2000

 Starte Berechnung an Profil:    44.3000

 Starte Berechnung an Profil:    44.3900

 Starte Berechnung an Profil:    44.4000

 Starte Berechnung an Profil:    44.4050

 Starte Berechnung an Profil:    44.4250

 Starte Berechnung an Profil:    44.5000

 Starte Berechnung an Profil:    44.6000

 Starte Berechnung an Profil:    44.7000

 Starte Berechnung an Profil:    44.8000

 Starte Berechnung an Profil:    44.9000

 Starte Berechnung an Profil:    45.0000

 Starte Berechnung an Profil:    45.1000

 Starte Berechnung an Profil:    45.2000

 Starte Berechnung an Profil:    45.3000

 Starte Berechnung an Profil:    45.4000

 Starte Berechnung an Profil:    45.5000

 Starte Berechnung an Profil:    45.6000

 Starte Berechnung an Profil:    45.7000

 Starte Berechnung an Profil:    45.8000

 Starte Berechnung an Profil:    45.9000

 Starte Berechnung an Profil:    46.0000

 Starte Berechnung an Profil:    46.0160

 Starte Berechnung an Profil:    46.1000

 Starte Berechnung an Profil:    46.2000

 Starte Berechnung an Profil:    46.3000

 Starte Berechnung an Profil:    46.4000

 Starte Berechnung an Profil:    46.5000

 Starte Berechnung an Profil:    46.6000

 Starte Berechnung an Profil:    46.7000

 Starte Berechnung an Profil:    46.8000

 Starte Berechnung an Profil:    46.9000

 Starte Berechnung an Profil:    47.0000

 Starte Berechnung an Profil:    47.1000

 Starte Berechnung an Profil:    47.2000

 Starte Berechnung an Profil:    47.3000


 *************************************************
 Bordvoll-Berechung --> Q=   310.000 m**3/s
 *************************************************


 Starte Berechnung an Profil:    41.7200

 Starte Berechnung an Profil:    41.7400

 Starte Berechnung an Profil:    41.7450

 Starte Berechnung an Profil:    41.8000

 Starte Berechnung an Profil:    41.9000

 Starte Berechnung an Profil:    42.0000

 Starte Berechnung an Profil:    42.0350

 Starte Berechnung an Profil:    42.1000

 Starte Berechnung an Profil:    42.2000

 Starte Berechnung an Profil:    42.3000

 Starte Berechnung an Profil:    42.4000

 Starte Berechnung an Profil:    42.5000

 Starte Berechnung an Profil:    42.6000

 Starte Berechnung an Profil:    42.7000

 Starte Berechnung an Profil:    42.8000

 Starte Berechnung an Profil:    42.8950

 Starte Berechnung an Profil:    42.9000

 Starte Berechnung an Profil:    43.0000

 Starte Berechnung an Profil:    43.1000

 Starte Berechnung an Profil:    43.2000

 Starte Berechnung an Profil:    43.3000

 Starte Berechnung an Profil:    43.4000

 Starte Berechnung an Profil:    43.5000

 Starte Berechnung an Profil:    43.6000

 Starte Berechnung an Profil:    43.7000

 Starte Berechnung an Profil:    43.8000

 Starte Berechnung an Profil:    43.9000

 Starte Berechnung an Profil:    43.9820

 Starte Berechnung an Profil:    44.0000

 Starte Berechnung an Profil:    44.1000

 Starte Berechnung an Profil:    44.2000

 Starte Berechnung an Profil:    44.3000

 Starte Berechnung an Profil:    44.3900

 Starte Berechnung an Profil:    44.4000

 Starte Berechnung an Profil:    44.4050

 Starte Berechnung an Profil:    44.4250

 Starte Berechnung an Profil:    44.5000

 Starte Berechnung an Profil:    44.6000

 Starte Berechnung an Profil:    44.7000

 Starte Berechnung an Profil:    44.8000

 Starte Berechnung an Profil:    44.9000

 Starte Berechnung an Profil:    45.0000

 Starte Berechnung an Profil:    45.1000

 Starte Berechnung an Profil:    45.2000

 Starte Berechnung an Profil:    45.3000

 Starte Berechnung an Profil:    45.4000

 Starte Berechnung an Profil:    45.5000

 Starte Berechnung an Profil:    45.6000

 Starte Berechnung an Profil:    45.7000

 Starte Berechnung an Profil:    45.8000

 Starte Berechnung an Profil:    45.9000

 Starte Berechnung an Profil:    46.0000

 Starte Berechnung an Profil:    46.0160

 Starte Berechnung an Profil:    46.1000

 Starte Berechnung an Profil:    46.2000

 Starte Berechnung an Profil:    46.3000

 Starte Berechnung an Profil:    46.4000

 Starte Berechnung an Profil:    46.5000

 Starte Berechnung an Profil:    46.6000

 Starte Berechnung an Profil:    46.7000

 Starte Berechnung an Profil:    46.8000

 Starte Berechnung an Profil:    46.9000

 Starte Berechnung an Profil:    47.0000

 Starte Berechnung an Profil:    47.1000

 Starte Berechnung an Profil:    47.2000

 Starte Berechnung an Profil:    47.3000


 *************************************************
 Bordvoll-Berechung --> Q=   330.000 m**3/s
 *************************************************


 Starte Berechnung an Profil:    41.7200

 Starte Berechnung an Profil:    41.7400

 Starte Berechnung an Profil:    41.7450

 Starte Berechnung an Profil:    41.8000

 Starte Berechnung an Profil:    41.9000

 Starte Berechnung an Profil:    42.0000

 Starte Berechnung an Profil:    42.0350

 Starte Berechnung an Profil:    42.1000

 Starte Berechnung an Profil:    42.2000

 Starte Berechnung an Profil:    42.3000

 Starte Berechnung an Profil:    42.4000

 Starte Berechnung an Profil:    42.5000

 Starte Berechnung an Profil:    42.6000

 Starte Berechnung an Profil:    42.7000

 Starte Berechnung an Profil:    42.8000

 Starte Berechnung an Profil:    42.8950

 Starte Berechnung an Profil:    42.9000

 Starte Berechnung an Profil:    43.0000

 Starte Berechnung an Profil:    43.1000

 Starte Berechnung an Profil:    43.2000

 Starte Berechnung an Profil:    43.3000

 Starte Berechnung an Profil:    43.4000

 Starte Berechnung an Profil:    43.5000

 Starte Berechnung an Profil:    43.6000

 Starte Berechnung an Profil:    43.7000

 Starte Berechnung an Profil:    43.8000

 Starte Berechnung an Profil:    43.9000

 Starte Berechnung an Profil:    43.9820

 Starte Berechnung an Profil:    44.0000

 Starte Berechnung an Profil:    44.1000

 Starte Berechnung an Profil:    44.2000

 Starte Berechnung an Profil:    44.3000

 Starte Berechnung an Profil:    44.3900

 Starte Berechnung an Profil:    44.4000

 Starte Berechnung an Profil:    44.4050

 Starte Berechnung an Profil:    44.4250

 Starte Berechnung an Profil:    44.5000

 Starte Berechnung an Profil:    44.6000

 Starte Berechnung an Profil:    44.7000

 Starte Berechnung an Profil:    44.8000

 Starte Berechnung an Profil:    44.9000

 Starte Berechnung an Profil:    45.0000

 Starte Berechnung an Profil:    45.1000

 Starte Berechnung an Profil:    45.2000

 Starte Berechnung an Profil:    45.3000

 Starte Berechnung an Profil:    45.4000

 Starte Berechnung an Profil:    45.5000

 Starte Berechnung an Profil:    45.6000

 Starte Berechnung an Profil:    45.7000

 Starte Berechnung an Profil:    45.8000

 Starte Berechnung an Profil:    45.9000

 Starte Berechnung an Profil:    46.0000

 Starte Berechnung an Profil:    46.0160

 Starte Berechnung an Profil:    46.1000

 Starte Berechnung an Profil:    46.2000

 Starte Berechnung an Profil:    46.3000

 Starte Berechnung an Profil:    46.4000

 Starte Berechnung an Profil:    46.5000

 Starte Berechnung an Profil:    46.6000

 Starte Berechnung an Profil:    46.7000

 Starte Berechnung an Profil:    46.8000

 Starte Berechnung an Profil:    46.9000

 Starte Berechnung an Profil:    47.0000

 Starte Berechnung an Profil:    47.1000

 Starte Berechnung an Profil:    47.2000

 Starte Berechnung an Profil:    47.3000


 *************************************************
 Bordvoll-Berechung --> Q=   350.000 m**3/s
 *************************************************


 Starte Berechnung an Profil:    41.7200

 Starte Berechnung an Profil:    41.7400

 Starte Berechnung an Profil:    41.7450

 Starte Berechnung an Profil:    41.8000

 Starte Berechnung an Profil:    41.9000

 Starte Berechnung an Profil:    42.0000

 Starte Berechnung an Profil:    42.0350

 Starte Berechnung an Profil:    42.1000

 Starte Berechnung an Profil:    42.2000

 Starte Berechnung an Profil:    42.3000

 Starte Berechnung an Profil:    42.4000

 Starte Berechnung an Profil:    42.5000

 Starte Berechnung an Profil:    42.6000

 Starte Berechnung an Profil:    42.7000

 Starte Berechnung an Profil:    42.8000

 Starte Berechnung an Profil:    42.8950

 Starte Berechnung an Profil:    42.9000

 Starte Berechnung an Profil:    43.0000

 Starte Berechnung an Profil:    43.1000

 Starte Berechnung an Profil:    43.2000

 Starte Berechnung an Profil:    43.3000

 Starte Berechnung an Profil:    43.4000

 Starte Berechnung an Profil:    43.5000

 Starte Berechnung an Profil:    43.6000

 Starte Berechnung an Profil:    43.7000

 Starte Berechnung an Profil:    43.8000

 Starte Berechnung an Profil:    43.9000

 Starte Berechnung an Profil:    43.9820

 Starte Berechnung an Profil:    44.0000

 Starte Berechnung an Profil:    44.1000

 Starte Berechnung an Profil:    44.2000

 Starte Berechnung an Profil:    44.3000

 Starte Berechnung an Profil:    44.3900

 Starte Berechnung an Profil:    44.4000

 Starte Berechnung an Profil:    44.4050

 Starte Berechnung an Profil:    44.4250

 Starte Berechnung an Profil:    44.5000

 Starte Berechnung an Profil:    44.6000

 Starte Berechnung an Profil:    44.7000

 Starte Berechnung an Profil:    44.8000

 Starte Berechnung an Profil:    44.9000

 Starte Berechnung an Profil:    45.0000

 Starte Berechnung an Profil:    45.1000

 Starte Berechnung an Profil:    45.2000

 Starte Berechnung an Profil:    45.3000

 Starte Berechnung an Profil:    45.4000

 Starte Berechnung an Profil:    45.5000

 Starte Berechnung an Profil:    45.6000

 Starte Berechnung an Profil:    45.7000

 Starte Berechnung an Profil:    45.8000

 Starte Berechnung an Profil:    45.9000

 Starte Berechnung an Profil:    46.0000

 Starte Berechnung an Profil:    46.0160

 Starte Berechnung an Profil:    46.1000

 Starte Berechnung an Profil:    46.2000

 Starte Berechnung an Profil:    46.3000

 Starte Berechnung an Profil:    46.4000

 Starte Berechnung an Profil:    46.5000

 Starte Berechnung an Profil:    46.6000

 Starte Berechnung an Profil:    46.7000

 Starte Berechnung an Profil:    46.8000

 Starte Berechnung an Profil:    46.9000

 Starte Berechnung an Profil:    47.0000

 Starte Berechnung an Profil:    47.1000

 Starte Berechnung an Profil:    47.2000

 Starte Berechnung an Profil:    47.3000


 *************************************************
 Bordvoll-Berechung --> Q=   370.000 m**3/s
 *************************************************


 Starte Berechnung an Profil:    41.7200

 Starte Berechnung an Profil:    41.7400

 Starte Berechnung an Profil:    41.7450

 Starte Berechnung an Profil:    41.8000

 Starte Berechnung an Profil:    41.9000

 Starte Berechnung an Profil:    42.0000

 Starte Berechnung an Profil:    42.0350

 Starte Berechnung an Profil:    42.1000

 Starte Berechnung an Profil:    42.2000

 Starte Berechnung an Profil:    42.3000

 Starte Berechnung an Profil:    42.4000

 Starte Berechnung an Profil:    42.5000

 Starte Berechnung an Profil:    42.6000

 Starte Berechnung an Profil:    42.7000

 Starte Berechnung an Profil:    42.8000

 Starte Berechnung an Profil:    42.8950

 Starte Berechnung an Profil:    42.9000

 Starte Berechnung an Profil:    43.0000

 Starte Berechnung an Profil:    43.1000

 Starte Berechnung an Profil:    43.2000

 Starte Berechnung an Profil:    43.3000

 Starte Berechnung an Profil:    43.4000

 Starte Berechnung an Profil:    43.5000

 Starte Berechnung an Profil:    43.6000

 Starte Berechnung an Profil:    43.7000

 Starte Berechnung an Profil:    43.8000

 Starte Berechnung an Profil:    43.9000

 Starte Berechnung an Profil:    43.9820

 Starte Berechnung an Profil:    44.0000

 Starte Berechnung an Profil:    44.1000

 Starte Berechnung an Profil:    44.2000

 Starte Berechnung an Profil:    44.3000

 Starte Berechnung an Profil:    44.3900

 Starte Berechnung an Profil:    44.4000

 Starte Berechnung an Profil:    44.4050

 Starte Berechnung an Profil:    44.4250

 Starte Berechnung an Profil:    44.5000

 Starte Berechnung an Profil:    44.6000

 Starte Berechnung an Profil:    44.7000

 Starte Berechnung an Profil:    44.8000

 Starte Berechnung an Profil:    44.9000

 Starte Berechnung an Profil:    45.0000

 Starte Berechnung an Profil:    45.1000

 Starte Berechnung an Profil:    45.2000

 Starte Berechnung an Profil:    45.3000

 Starte Berechnung an Profil:    45.4000

 Starte Berechnung an Profil:    45.5000

 Starte Berechnung an Profil:    45.6000

 Starte Berechnung an Profil:    45.7000

 Starte Berechnung an Profil:    45.8000

 Starte Berechnung an Profil:    45.9000

 Starte Berechnung an Profil:    46.0000

 Starte Berechnung an Profil:    46.0160

 Starte Berechnung an Profil:    46.1000

 Starte Berechnung an Profil:    46.2000

 Starte Berechnung an Profil:    46.3000

 Starte Berechnung an Profil:    46.4000

 Starte Berechnung an Profil:    46.5000

 Starte Berechnung an Profil:    46.6000

 Starte Berechnung an Profil:    46.7000

 Starte Berechnung an Profil:    46.8000

 Starte Berechnung an Profil:    46.9000

 Starte Berechnung an Profil:    47.0000

 Starte Berechnung an Profil:    47.1000

 Starte Berechnung an Profil:    47.2000

 Starte Berechnung an Profil:    47.3000


 *************************************************
 Bordvoll-Berechung --> Q=   390.000 m**3/s
 *************************************************


 Starte Berechnung an Profil:    41.7200

 Starte Berechnung an Profil:    41.7400

 Starte Berechnung an Profil:    41.7450

 Starte Berechnung an Profil:    41.8000

 Starte Berechnung an Profil:    41.9000

 Starte Berechnung an Profil:    42.0000

 Starte Berechnung an Profil:    42.0350

 Starte Berechnung an Profil:    42.1000

 Starte Berechnung an Profil:    42.2000

 Starte Berechnung an Profil:    42.3000

 Starte Berechnung an Profil:    42.4000

 Starte Berechnung an Profil:    42.5000

 Starte Berechnung an Profil:    42.6000

 Starte Berechnung an Profil:    42.7000

 Starte Berechnung an Profil:    42.8000

 Starte Berechnung an Profil:    42.8950

 Starte Berechnung an Profil:    42.9000

 Starte Berechnung an Profil:    43.0000

 Starte Berechnung an Profil:    43.1000

 Starte Berechnung an Profil:    43.2000

 Starte Berechnung an Profil:    43.3000

 Starte Berechnung an Profil:    43.4000

 Starte Berechnung an Profil:    43.5000

 Starte Berechnung an Profil:    43.6000

 Starte Berechnung an Profil:    43.7000

 Starte Berechnung an Profil:    43.8000

 Starte Berechnung an Profil:    43.9000

 Starte Berechnung an Profil:    43.9820

 Starte Berechnung an Profil:    44.0000

 Starte Berechnung an Profil:    44.1000

 Starte Berechnung an Profil:    44.2000

 Starte Berechnung an Profil:    44.3000

 Starte Berechnung an Profil:    44.3900

 Starte Berechnung an Profil:    44.4000

 Starte Berechnung an Profil:    44.4050

 Starte Berechnung an Profil:    44.4250

 Starte Berechnung an Profil:    44.5000

 Starte Berechnung an Profil:    44.6000

 Starte Berechnung an Profil:    44.7000

 Starte Berechnung an Profil:    44.8000

 Starte Berechnung an Profil:    44.9000

 Starte Berechnung an Profil:    45.0000

 Starte Berechnung an Profil:    45.1000

 Starte Berechnung an Profil:    45.2000

 Starte Berechnung an Profil:    45.3000

 Starte Berechnung an Profil:    45.4000

 Starte Berechnung an Profil:    45.5000

 Starte Berechnung an Profil:    45.6000

 Starte Berechnung an Profil:    45.7000

 Starte Berechnung an Profil:    45.8000

 Starte Berechnung an Profil:    45.9000

 Starte Berechnung an Profil:    46.0000

 Starte Berechnung an Profil:    46.0160

 Starte Berechnung an Profil:    46.1000

 Starte Berechnung an Profil:    46.2000

 Starte Berechnung an Profil:    46.3000

 Starte Berechnung an Profil:    46.4000

 Starte Berechnung an Profil:    46.5000

 Starte Berechnung an Profil:    46.6000

 Starte Berechnung an Profil:    46.7000

 Starte Berechnung an Profil:    46.8000

 Starte Berechnung an Profil:    46.9000

 Starte Berechnung an Profil:    47.0000

 Starte Berechnung an Profil:    47.1000

 Starte Berechnung an Profil:    47.2000

 Starte Berechnung an Profil:    47.3000
