Spree - Modell Berechnung wird gestartet

Dateien für Rechenkern werden erzeugt
Lese Steuerparameter: .calculation
Erzeuge _vhs Datei: HW040427_vhs.dbf
Erzeuge _flp Datei: \\Pc242\KalypsoServer\data\tmp\CalcJob-10-1098037089265\input\native\HW040427_flp
Erzeuge _nap Datei: \\Pc242\KalypsoServer\data\tmp\CalcJob-10-1098037089265\input\native\HW040427_nap
Erzeuge Zeitreihen-Datei: \\Pc242\KalypsoServer\data\tmp\CalcJob-10-1098037089265\input\native\HW040427
GM_Point: 0.0 0.0 	404.27	1.0	27.04.2004	22.0	19.0	null	170.0	null	null	null	null	null	-99.9	null	null	null	110.0	null	null	null	null	null	-99.9	null	null	null	null	5.0	null	null	null	40.0	null	null	null	null	null	null	-99.9	null	null	null	3.0	null	null	null	null	null	null	null	null	null	35.0	null	null	null	null	null	-99.9	null	null	null	null	1.0	null	null	null	55.0	null	null	null	null	null	null	-99.9	null	null	null	null	null	null	null	null	null	null	1.0	null	null	0.0	null	null	null	null	null	null	null	null	null	1.0	null	null	null	null	null	null	null	null	2.0	null	null	null	null	null	null	null	null	
GM_Point: 0.0 0.0 	404.27	4.0	27.04.2004	1.0	22.0	null	170.0	null	null	null	null	null	-99.9	null	null	null	110.0	null	null	null	null	null	-99.9	null	null	null	null	5.0	null	null	null	40.0	null	null	null	null	null	null	-99.9	null	null	null	3.0	null	null	null	null	null	null	null	null	null	35.0	null	null	null	null	null	-99.9	null	null	null	null	1.0	null	null	null	55.0	null	null	null	null	null	null	-99.9	null	null	null	null	null	null	null	null	null	null	1.0	null	null	0.0	null	null	null	null	null	null	null	null	null	1.0	null	null	null	null	null	null	null	null	2.0	null	null	null	null	null	null	null	null	
GM_Point: 0.0 0.0 	404.27	7.0	27.04.2004	4.0	1.0	null	170.0	null	null	null	null	null	0.0	null	null	null	110.0	null	null	null	null	null	0.0	null	null	null	null	5.0	null	null	null	40.0	null	null	null	null	null	null	0.0	null	null	null	3.0	null	null	null	null	null	null	null	null	null	35.0	null	null	null	null	null	0.0	null	null	null	null	1.0	null	null	null	55.0	null	null	null	null	null	null	0.0	null	null	null	null	null	null	null	null	null	null	1.0	null	null	0.0	null	null	null	null	null	null	null	null	null	1.0	null	null	null	null	null	null	null	null	2.0	null	null	null	null	null	null	null	null	
GM_Point: 0.0 0.0 	404.27	10.0	27.04.2004	7.0	4.0	null	182.0	null	null	null	null	null	-99.9	null	null	null	110.0	null	null	null	null	null	-99.9	null	null	null	null	5.0	null	null	null	40.0	null	null	null	null	null	null	-99.9	null	null	null	3.0	null	null	null	null	null	null	null	null	null	35.0	null	null	null	null	null	-99.9	null	null	null	null	1.0	null	null	null	55.0	null	null	null	null	null	null	-99.9	null	null	null	null	null	null	null	null	null	null	1.0	null	null	0.0	null	null	null	null	null	null	null	null	null	1.0	null	null	null	null	null	null	null	null	2.0	null	null	null	null	null	null	null	null	
GM_Point: 0.0 0.0 	404.27	13.0	27.04.2004	10.0	7.0	null	0.0	null	null	null	null	null	10.0	null	null	null	0.0	null	null	null	null	null	10.0	null	null	null	null	10.0	null	null	null	0.0	null	null	null	null	null	null	0.0	null	null	null	3.0	null	null	null	null	null	null	null	null	null	0.0	null	null	null	null	null	0.0	null	null	null	null	2.0	null	null	null	0.0	null	null	null	null	null	null	10.0	null	null	null	null	null	null	null	null	null	null	5.0	null	null	1.0	null	null	null	null	null	null	null	null	null	1.0	null	null	null	null	null	null	null	null	2.0	null	null	null	null	null	null	null	null	
GM_Point: 0.0 0.0 	404.27	16.0	27.04.2004	13.0	10.0	null	0.0	null	null	null	null	null	-99.9	null	null	null	0.0	null	null	null	null	null	-99.9	null	null	null	null	15.0	null	null	null	0.0	null	null	null	null	null	null	-99.9	null	null	null	3.0	null	null	null	null	null	null	null	null	null	0.0	null	null	null	null	null	-99.9	null	null	null	null	2.0	null	null	null	0.0	null	null	null	null	null	null	-99.9	null	null	null	null	null	null	null	null	null	null	5.0	null	null	15.0	null	null	null	null	null	null	null	null	null	1.0	null	null	null	null	null	null	null	null	2.0	null	null	null	null	null	null	null	null	
GM_Point: 0.0 0.0 	404.27	19.0	27.04.2004	16.0	13.0	null	0.0	null	null	null	null	null	15.0	null	null	null	0.0	null	null	null	null	null	10.0	null	null	null	null	20.0	null	null	null	0.0	null	null	null	null	null	null	15.0	null	null	null	3.0	null	null	null	null	null	null	null	null	null	0.0	null	null	null	null	null	10.0	null	null	null	null	2.0	null	null	null	0.0	null	null	null	null	null	null	10.0	null	null	null	null	null	null	null	null	null	null	5.0	null	null	15.0	null	null	null	null	null	null	null	null	null	1.0	null	null	null	null	null	null	null	null	2.0	null	null	null	null	null	null	null	null	
GM_Point: 0.0 0.0 	404.27	22.0	27.04.2004	19.0	16.0	null	0.0	null	null	null	null	null	-99.9	null	null	null	0.0	null	null	null	null	null	-99.9	null	null	null	null	25.0	null	null	null	0.0	null	null	null	null	null	null	-99.9	null	null	null	3.0	null	null	null	null	null	null	null	null	null	0.0	null	null	null	null	null	-99.9	null	null	null	null	2.0	null	null	null	0.0	null	null	null	null	null	null	-99.9	null	null	null	null	null	null	null	null	null	null	5.0	null	null	15.0	null	null	null	null	null	null	null	null	null	1.0	null	null	null	null	null	null	null	null	2.0	null	null	null	null	null	null	null	null	
GM_Point: 0.0 0.0 	404.28	1.0	28.04.2004	22.0	19.0	null	0.0	null	null	null	null	null	25.0	null	null	null	0.0	null	null	null	null	null	15.0	null	null	null	null	25.0	null	null	null	0.0	null	null	null	null	null	null	15.0	null	null	null	3.0	null	null	null	null	null	null	null	null	null	0.0	null	null	null	null	null	15.0	null	null	null	null	0.0	null	null	null	0.0	null	null	null	null	null	null	-99.9	null	null	null	null	null	null	null	null	null	null	5.0	null	null	15.0	null	null	null	null	null	null	null	null	null	1.0	null	null	null	null	null	null	null	null	2.0	null	null	null	null	null	null	null	null	
GM_Point: 0.0 0.0 	404.28	4.0	28.04.2004	1.0	22.0	null	0.0	null	null	null	null	null	-99.9	null	null	null	0.0	null	null	null	null	null	-99.9	null	null	null	null	25.0	null	null	null	0.0	null	null	null	null	null	null	-99.9	null	null	null	3.0	null	null	null	null	null	null	null	null	null	0.0	null	null	null	null	null	-99.9	null	null	null	null	0.0	null	null	null	0.0	null	null	null	null	null	null	-99.9	null	null	null	null	null	null	null	null	null	null	5.0	null	null	10.0	null	null	null	null	null	null	null	null	null	1.0	null	null	null	null	null	null	null	null	2.0	null	null	null	null	null	null	null	null	
GM_Point: 0.0 0.0 	404.28	7.0	28.04.2004	4.0	1.0	null	0.0	null	null	null	null	null	0.0	null	null	null	0.0	null	null	null	null	null	-99.9	null	null	null	null	0.0	null	null	null	0.0	null	null	null	null	null	null	-99.9	null	null	null	3.0	null	null	null	null	null	null	null	null	null	0.0	null	null	null	null	null	-99.9	null	null	null	null	0.0	null	null	null	0.0	null	null	null	null	null	null	-99.9	null	null	null	null	null	null	null	null	null	null	5.0	null	null	10.0	null	null	null	null	null	null	null	null	null	1.0	null	null	null	null	null	null	null	null	2.0	null	null	null	null	null	null	null	null	
GM_Point: 0.0 0.0 	404.28	10.0	28.04.2004	7.0	4.0	null	0.0	null	null	null	null	null	-99.9	null	null	null	0.0	null	null	null	null	null	-99.9	null	null	null	null	0.0	null	null	null	0.0	null	null	null	null	null	null	-99.9	null	null	null	3.0	null	null	null	null	null	null	null	null	null	0.0	null	null	null	null	null	-99.9	null	null	null	null	0.0	null	null	null	0.0	null	null	null	null	null	null	-99.9	null	null	null	null	null	null	null	null	null	null	5.0	null	null	5.0	null	null	null	null	null	null	null	null	null	1.0	null	null	null	null	null	null	null	null	2.0	null	null	null	null	null	null	null	null	
GM_Point: 0.0 0.0 	404.28	13.0	28.04.2004	10.0	7.0	null	0.0	null	null	null	null	null	-99.9	null	null	null	0.0	null	null	null	null	null	-99.9	null	null	null	null	0.0	null	null	null	0.0	null	null	null	null	null	null	-99.9	null	null	null	3.0	null	null	null	null	null	null	null	null	null	0.0	null	null	null	null	null	-99.9	null	null	null	null	0.0	null	null	null	0.0	null	null	null	null	null	null	-99.9	null	null	null	null	null	null	null	null	null	null	5.0	null	null	5.0	null	null	null	null	null	null	null	null	null	0.0	null	null	null	null	null	null	null	null	2.0	null	null	null	null	null	null	null	null	
GM_Point: 0.0 0.0 	404.28	16.0	28.04.2004	13.0	10.0	null	0.0	null	null	null	null	null	-99.9	null	null	null	0.0	null	null	null	null	null	-99.9	null	null	null	null	0.0	null	null	null	0.0	null	null	null	null	null	null	-99.9	null	null	null	3.0	null	null	null	null	null	null	null	null	null	0.0	null	null	null	null	null	-99.9	null	null	null	null	0.0	null	null	null	0.0	null	null	null	null	null	null	-99.9	null	null	null	null	null	null	null	null	null	null	5.0	null	null	5.0	null	null	null	null	null	null	null	null	null	0.0	null	null	null	null	null	null	null	null	2.0	null	null	null	null	null	null	null	null	
GM_Point: 0.0 0.0 	404.28	19.0	28.04.2004	16.0	13.0	null	0.0	null	null	null	null	null	-99.9	null	null	null	0.0	null	null	null	null	null	-99.9	null	null	null	null	0.0	null	null	null	0.0	null	null	null	null	null	null	-99.9	null	null	null	3.5	null	null	null	null	null	null	null	null	null	0.0	null	null	null	null	null	-99.9	null	null	null	null	0.0	null	null	null	0.0	null	null	null	null	null	null	-99.9	null	null	null	null	null	null	null	null	null	null	5.0	null	null	1.0	null	null	null	null	null	null	null	null	null	0.0	null	null	null	null	null	null	null	null	2.0	null	null	null	null	null	null	null	null	
GM_Point: 0.0 0.0 	404.28	22.0	28.04.2004	19.0	16.0	null	0.0	null	null	null	null	null	-99.9	null	null	null	0.0	null	null	null	null	null	-99.9	null	null	null	null	0.0	null	null	null	0.0	null	null	null	null	null	null	-99.9	null	null	null	3.5	null	null	null	null	null	null	null	null	null	0.0	null	null	null	null	null	-99.9	null	null	null	null	0.0	null	null	null	0.0	null	null	null	null	null	null	-99.9	null	null	null	null	null	null	null	null	null	null	5.0	null	null	1.0	null	null	null	null	null	null	null	null	null	0.0	null	null	null	null	null	null	null	null	2.0	null	null	null	null	null	null	null	null	
GM_Point: 0.0 0.0 	404.29	1.0	29.04.2004	22.0	19.0	null	0.0	null	null	null	null	null	-99.9	null	null	null	0.0	null	null	null	null	null	-99.9	null	null	null	null	0.0	null	null	null	0.0	null	null	null	null	null	null	-99.9	null	null	null	3.5	null	null	null	null	null	null	null	null	null	0.0	null	null	null	null	null	-99.9	null	null	null	null	0.0	null	null	null	0.0	null	null	null	null	null	null	-99.9	null	null	null	null	null	null	null	null	null	null	5.0	null	null	1.0	null	null	null	null	null	null	null	null	null	0.0	null	null	null	null	null	null	null	null	2.0	null	null	null	null	null	null	null	null	
GM_Point: 0.0 0.0 	404.29	4.0	29.04.2004	1.0	22.0	null	0.0	null	null	null	null	null	-99.9	null	null	null	0.0	null	null	null	null	null	-99.9	null	null	null	null	0.0	null	null	null	0.0	null	null	null	null	null	null	-99.9	null	null	null	3.5	null	null	null	null	null	null	null	null	null	0.0	null	null	null	null	null	-99.9	null	null	null	null	0.0	null	null	null	0.0	null	null	null	null	null	null	-99.9	null	null	null	null	null	null	null	null	null	null	5.0	null	null	1.0	null	null	null	null	null	null	null	null	null	0.0	null	null	null	null	null	null	null	null	2.0	null	null	null	null	null	null	null	null	
GM_Point: 0.0 0.0 	404.29	7.0	29.04.2004	4.0	1.0	null	0.0	null	null	null	null	null	-99.9	null	null	null	0.0	null	null	null	null	null	-99.9	null	null	null	null	0.0	null	null	null	0.0	null	null	null	null	null	null	-99.9	null	null	null	3.5	null	null	null	null	null	null	null	null	null	0.0	null	null	null	null	null	-99.9	null	null	null	null	0.0	null	null	null	0.0	null	null	null	null	null	null	-99.9	null	null	null	null	null	null	null	null	null	null	1.0	null	null	0.0	null	null	null	null	null	null	null	null	null	0.0	null	null	null	null	null	null	null	null	2.0	null	null	null	null	null	null	null	null	
GM_Point: 0.0 0.0 	404.29	10.0	29.04.2004	7.0	4.0	null	0.0	null	null	null	null	null	-99.9	null	null	null	0.0	null	null	null	null	null	-99.9	null	null	null	null	0.0	null	null	null	0.0	null	null	null	null	null	null	-99.9	null	null	null	3.0	null	null	null	null	null	null	null	null	null	0.0	null	null	null	null	null	-99.9	null	null	null	null	0.0	null	null	null	0.0	null	null	null	null	null	null	-99.9	null	null	null	null	null	null	null	null	null	null	1.0	null	null	0.0	null	null	null	null	null	null	null	null	null	0.0	null	null	null	null	null	null	null	null	2.0	null	null	null	null	null	null	null	null	
GM_Point: 0.0 0.0 	404.29	13.0	29.04.2004	10.0	7.0	null	0.0	null	null	null	null	null	-99.9	null	null	null	0.0	null	null	null	null	null	-99.9	null	null	null	null	0.0	null	null	null	0.0	null	null	null	null	null	null	-99.9	null	null	null	3.0	null	null	null	null	null	null	null	null	null	0.0	null	null	null	null	null	-99.9	null	null	null	null	0.0	null	null	null	0.0	null	null	null	null	null	null	-99.9	null	null	null	null	null	null	null	null	null	null	1.0	null	null	0.0	null	null	null	null	null	null	null	null	null	0.0	null	null	null	null	null	null	null	null	2.0	null	null	null	null	null	null	null	null	
GM_Point: 0.0 0.0 	404.29	16.0	29.04.2004	13.0	10.0	null	0.0	null	null	null	null	null	-99.9	null	null	null	0.0	null	null	null	null	null	-99.9	null	null	null	null	0.0	null	null	null	0.0	null	null	null	null	null	null	-99.9	null	null	null	3.0	null	null	null	null	null	null	null	null	null	0.0	null	null	null	null	null	-99.9	null	null	null	null	0.0	null	null	null	0.0	null	null	null	null	null	null	-99.9	null	null	null	null	null	null	null	null	null	null	0.0	null	null	0.0	null	null	null	null	null	null	null	null	null	0.0	null	null	null	null	null	null	null	null	2.0	null	null	null	null	null	null	null	null	
GM_Point: 0.0 0.0 	404.29	19.0	29.04.2004	16.0	13.0	null	0.0	null	null	null	null	null	-99.9	null	null	null	0.0	null	null	null	null	null	-99.9	null	null	null	null	0.0	null	null	null	0.0	null	null	null	null	null	null	-99.9	null	null	null	3.0	null	null	null	null	null	null	null	null	null	0.0	null	null	null	null	null	-99.9	null	null	null	null	0.0	null	null	null	0.0	null	null	null	null	null	null	-99.9	null	null	null	null	null	null	null	null	null	null	0.0	null	null	0.0	null	null	null	null	null	null	null	null	null	0.0	null	null	null	null	null	null	null	null	2.0	null	null	null	null	null	null	null	null	
GM_Point: 0.0 0.0 	404.29	22.0	29.04.2004	19.0	16.0	null	0.0	null	null	null	null	null	-99.9	null	null	null	0.0	null	null	null	null	null	-99.9	null	null	null	null	0.0	null	null	null	0.0	null	null	null	null	null	null	-99.9	null	null	null	3.0	null	null	null	null	null	null	null	null	null	0.0	null	null	null	null	null	-99.9	null	null	null	null	0.0	null	null	null	0.0	null	null	null	null	null	null	-99.9	null	null	null	null	null	null	null	null	null	null	0.0	null	null	0.0	null	null	null	null	null	null	null	null	null	0.0	null	null	null	null	null	null	null	null	2.0	null	null	null	null	null	null	null	null	
GM_Point: 0.0 0.0 	404.3	1.0	30.04.2004	22.0	19.0	null	0.0	null	null	null	null	null	-99.9	null	null	null	0.0	null	null	null	null	null	-99.9	null	null	null	null	0.0	null	null	null	0.0	null	null	null	null	null	null	-99.9	null	null	null	3.0	null	null	null	null	null	null	null	null	null	0.0	null	null	null	null	null	-99.9	null	null	null	null	0.0	null	null	null	0.0	null	null	null	null	null	null	-99.9	null	null	null	null	null	null	null	null	null	null	0.0	null	null	0.0	null	null	null	null	null	null	null	null	null	0.0	null	null	null	null	null	null	null	null	2.0	null	null	null	null	null	null	null	null	
GM_Point: 0.0 0.0 	404.3	4.0	30.04.2004	1.0	22.0	null	0.0	null	null	null	null	null	-99.9	null	null	null	0.0	null	null	null	null	null	-99.9	null	null	null	null	0.0	null	null	null	0.0	null	null	null	null	null	null	-99.9	null	null	null	3.0	null	null	null	null	null	null	null	null	null	0.0	null	null	null	null	null	-99.9	null	null	null	null	0.0	null	null	null	0.0	null	null	null	null	null	null	-99.9	null	null	null	null	null	null	null	null	null	null	0.0	null	null	0.0	null	null	null	null	null	null	null	null	null	0.0	null	null	null	null	null	null	null	null	2.0	null	null	null	null	null	null	null	null	
GM_Point: 0.0 0.0 	404.3	7.0	30.04.2004	4.0	1.0	null	0.0	null	null	null	null	null	-99.9	null	null	null	0.0	null	null	null	null	null	-99.9	null	null	null	null	0.0	null	null	null	0.0	null	null	null	null	null	null	-99.9	null	null	null	3.0	null	null	null	null	null	null	null	null	null	0.0	null	null	null	null	null	-99.9	null	null	null	null	0.0	null	null	null	0.0	null	null	null	null	null	null	-99.9	null	null	null	null	null	null	null	null	null	null	0.0	null	null	0.0	null	null	null	null	null	null	null	null	null	0.0	null	null	null	null	null	null	null	null	2.0	null	null	null	null	null	null	null	null	
GM_Point: 0.0 0.0 	404.3	10.0	30.04.2004	7.0	4.0	null	0.0	null	null	null	null	null	-99.9	null	null	null	0.0	null	null	null	null	null	-99.9	null	null	null	null	0.0	null	null	null	0.0	null	null	null	null	null	null	-99.9	null	null	null	3.0	null	null	null	null	null	null	null	null	null	0.0	null	null	null	null	null	-99.9	null	null	null	null	0.0	null	null	null	0.0	null	null	null	null	null	null	-99.9	null	null	null	null	null	null	null	null	null	null	0.0	null	null	0.0	null	null	null	null	null	null	null	null	null	0.0	null	null	null	null	null	null	null	null	2.0	null	null	null	null	null	null	null	null	
GM_Point: 0.0 0.0 	404.3	13.0	30.04.2004	10.0	7.0	null	0.0	null	null	null	null	null	-99.9	null	null	null	0.0	null	null	null	null	null	-99.9	null	null	null	null	0.0	null	null	null	0.0	null	null	null	null	null	null	-99.9	null	null	null	3.0	null	null	null	null	null	null	null	null	null	0.0	null	null	null	null	null	-99.9	null	null	null	null	0.0	null	null	null	0.0	null	null	null	null	null	null	-99.9	null	null	null	null	null	null	null	null	null	null	0.0	null	null	0.0	null	null	null	null	null	null	null	null	null	0.0	null	null	null	null	null	null	null	null	2.0	null	null	null	null	null	null	null	null	
Rechenkern wird aufgerufen
Rechenkern wird vorbereitet
\\Pc242\KalypsoServer\data\tmp\CalcJob-10-1098037089265\input\native\spree.exe 2004,04,27,10,00,00 \\Pc242\KalypsoServer\data\tmp\CalcJob-10-1098037089265\input\native\HW040427.dbf
Ausgabe des Rechenkerns
#######################
#########START#########
#######################

Initialisiere xHwKernel.dll
Setze Zeitpunkt: 27.4.2004  10:0:0
Oeffne Datei:\\Pc242\KalypsoServer\data\tmp\CalcJob-10-1098037089265\input\native\HW040427.dbf
Berechnung wird gestartet
Schrigiswalde
Bautzen WB
TS Bautzen
Gröditz
Kleine Spree
Lieske
Jänkendorf
TS Quitzdorf
Särichen
Boxberg
Bärwalde
Lohsa II
Sprey
Burgneudorf
Spreewitz
Restlochkette
Spremberg
Berechnung abgeschlossen, Ergebnisse werden geschrieben
Berechnung erfolgreich beendet
#######################
#########ENDE#########
#######################

Ergebnisse werden zurückgelesen
Berechnung beendet
