
BUILD FAILED
file:/home/doemming/kalypso/kalypso/bin/build_simcase.xml:243: /home/doemming/kalypso/kalypso/lib not found.
	at org.apache.tools.ant.types.AbstractFileSet.getDirectoryScanner(AbstractFileSet.java:333)
	at org.apache.tools.ant.types.Path.list(Path.java:332)
	at org.apache.tools.ant.types.Path.list(Path.java:320)
	at org.apache.tools.ant.types.Path.list(Path.java:320)
	at org.apache.tools.ant.types.Path.toString(Path.java:355)
	at xdoclet.ejb.EjbDocletTask.getContext(EjbDocletTask.java:292)
	at xdoclet.DocletTask.validateSubTasks(DocletTask.java:399)
	at xdoclet.DocletTask.validateOptions(DocletTask.java:394)
	at xdoclet.DocletTask.execute(DocletTask.java:230)
	at org.apache.tools.ant.UnknownElement.execute(UnknownElement.java:166)
	at org.apache.tools.ant.Task.perform(Task.java:317)
	at org.apache.tools.ant.Target.execute(Target.java:309)
	at org.apache.tools.ant.Target.performTasks(Target.java:334)
	at org.apache.tools.ant.Project.executeTarget(Project.java:1306)
	at org.apache.tools.ant.Project.executeTargets(Project.java:1250)
	at org.apache.tools.ant.Main.runBuild(Main.java:610)
	at org.apache.tools.ant.Main.start(Main.java:196)
	at org.apache.tools.ant.Main.main(Main.java:235)

Total time: 26 seconds
