Spree - Modell Berechnung wird gestartet

Dateien für Rechenkern werden erzeugt
Lese Steuerparameter: .calculation
Lese Modelldaten: \\Pc242\kalypsotemp\CalcJob-0-1099475965055\input\calc\.calculation
Erzeuge _vhs Datei: HW040427_vhs.dbf
Erzeuge _flp Datei: \\Pc242\kalypsotemp\CalcJob-0-1099475965055\input\native\HW040427_flp
Erzeuge _nap Datei: \\Pc242\kalypsotemp\CalcJob-0-1099475965055\input\native\HW040427_nap
Erzeuge Zeitreihen-Datei: \\Pc242\kalypsotemp\CalcJob-0-1099475965055\input\native\HW040427
404.26	22	26.04.2004	19	16	null	null	null	null	null	null	null	null	null	-99.9	null	null	null	null	null	null	null	null	null	-99.9	null	null	null	null	null	null	null	null	null	null	null	null	null	null	null	-99.9	null	0.0	null	null	null	null	null	null	null	null	null	null	null	null	null	null	null	null	null	-99.9	null	null	null	null	null	null	null	null	null	null	null	null	null	null	null	-99.9	null	null	null	null	null	null	null	null	0.0	null	null	0.0	null	null	null	null	null	null	null	null	null	0.0	null	null	null	null	null	null	null	null	0.0	null	null	null	null	null	null	null	null	
404.27	1	27.04.2004	22	19	null	170.0	3.20807495115579	null	null	null	null	null	null	-99.9	null	110.0	5.5339215862708935	null	null	null	null	null	null	-99.9	null	null	5.0	null	null	null	40.0	2.276163357103128	null	null	null	null	null	null	null	-99.9	null	3.0	null	null	null	null	null	null	null	null	null	35.0	0.5492582403078233	null	null	null	null	null	null	-99.9	null	null	1.0	null	null	null	55.0	0.56072040620536	null	null	null	null	null	null	null	-99.9	null	null	null	null	null	null	null	null	1.0	null	null	0.0	null	null	null	null	null	null	null	null	null	1.0	null	null	null	null	null	null	null	null	2.0	null	null	null	null	null	null	null	null	
404.27	4	27.04.2004	1	22	null	170.0	3.20807495115579	null	null	null	null	null	null	0.0	null	110.0	5.5339215862708935	null	null	null	null	null	null	0.0	null	null	5.0	null	null	null	40.0	2.276163357103128	null	null	null	null	null	null	null	0.0	null	3.0	null	null	null	null	null	null	null	null	null	35.0	0.5492582403078233	null	null	null	null	null	null	0.0	null	null	1.0	null	null	null	55.0	0.56072040620536	null	null	null	null	null	null	null	0.0	null	null	null	null	null	null	null	null	1.0	null	null	0.0	null	null	null	null	null	null	null	null	null	1.0	null	null	null	null	null	null	null	null	2.0	null	null	null	null	null	null	null	null	
404.27	7	27.04.2004	4	1	null	170.0	3.20807495115579	null	null	null	null	null	null	0.0	null	110.0	5.5339215862708935	null	null	null	null	null	null	0.0	null	null	5.0	null	null	null	40.0	2.276163357103128	null	null	null	null	null	null	null	0.0	null	3.0	null	null	null	null	null	null	null	null	null	35.0	0.5492582403078233	null	null	null	null	null	null	0.0	null	null	1.0	null	null	null	55.0	0.56072040620536	null	null	null	null	null	null	null	0.0	null	null	null	null	null	null	null	null	1.0	null	null	0.0	null	null	null	null	null	null	null	null	null	1.0	null	null	null	null	null	null	null	null	2.0	null	null	null	null	null	null	null	null	
404.27	10	27.04.2004	7	4	null	182.0	4.585696045678651	null	null	null	null	null	null	5.0	null	110.0	5.5339215862708935	null	null	null	null	null	null	5.0	null	null	5.0	null	0.0	null	40.0	2.276163357103128	null	null	null	null	null	null	null	0.0	null	3.0	null	null	null	null	null	null	null	null	null	35.0	0.5492582403078233	null	null	null	null	null	null	0.0	null	null	1.0	null	0.0	null	55.0	0.56072040620536	null	null	null	null	null	null	null	5.0	null	null	null	null	null	null	null	null	1.0	null	null	0.0	null	null	null	null	null	null	null	null	null	1.0	null	null	null	null	null	null	null	null	2.0	null	null	null	null	null	null	null	null	
404.27	13	27.04.2004	10	7	null	null	null	null	null	null	null	null	null	5.0	null	null	null	null	null	null	null	null	null	5.0	null	null	10.0	null	null	null	null	null	null	null	null	null	null	null	null	0.0	null	3.0	null	null	null	null	null	null	null	null	null	null	null	null	null	null	null	null	null	0.0	null	null	2.0	null	null	null	null	null	null	null	null	null	null	null	null	5.0	null	null	null	null	null	null	null	null	5.0	null	null	1.0	null	null	null	null	null	null	null	null	null	1.0	null	null	null	null	null	null	null	null	2.0	null	null	null	null	null	null	null	null	
404.27	16	27.04.2004	13	10	null	null	null	null	null	null	null	null	null	7.5	null	null	null	null	null	null	null	null	null	5.0	null	null	15.0	null	null	null	null	null	null	null	null	null	null	null	null	7.5	null	3.0	null	null	null	null	null	null	null	null	null	null	null	null	null	null	null	null	null	5.0	null	null	2.0	null	null	null	null	null	null	null	null	null	null	null	null	5.0	null	null	null	null	null	null	null	null	5.0	null	null	15.0	null	null	null	null	null	null	null	null	null	1.0	null	null	null	null	null	null	null	null	2.0	null	null	null	null	null	null	null	null	
404.27	19	27.04.2004	16	13	null	null	null	null	null	null	null	null	null	7.5	null	null	null	null	null	null	null	null	null	5.0	null	null	20.0	null	null	null	null	null	null	null	null	null	null	null	null	7.5	null	3.0	null	null	null	null	null	null	null	null	null	null	null	null	null	null	null	null	null	5.0	null	null	2.0	null	null	null	null	null	null	null	null	null	null	null	null	5.0	null	null	null	null	null	null	null	null	5.0	null	null	15.0	null	null	null	null	null	null	null	null	null	1.0	null	null	null	null	null	null	null	null	2.0	null	null	null	null	null	null	null	null	
404.27	22	27.04.2004	19	16	null	null	null	null	null	null	null	null	null	12.5	null	null	null	null	null	null	null	null	null	7.5	null	null	25.0	null	null	null	null	null	null	null	null	null	null	null	null	7.5	null	3.0	null	null	null	null	null	null	null	null	null	null	null	null	null	null	null	null	null	7.5	null	null	2.0	null	null	null	null	null	null	null	null	null	null	null	null	-99.9	null	null	null	null	null	null	null	null	5.0	null	null	15.0	null	null	null	null	null	null	null	null	null	1.0	null	null	null	null	null	null	null	null	2.0	null	null	null	null	null	null	null	null	
404.28	1	28.04.2004	22	19	null	null	null	null	null	null	null	null	null	12.5	null	null	null	null	null	null	null	null	null	7.5	null	null	25.0	null	null	null	null	null	null	null	null	null	null	null	null	7.5	null	3.0	null	null	null	null	null	null	null	null	null	null	null	null	null	null	null	null	null	7.5	null	null	null	null	null	null	null	null	null	null	null	null	null	null	null	-99.9	null	null	null	null	null	null	null	null	5.0	null	null	15.0	null	null	null	null	null	null	null	null	null	1.0	null	null	null	null	null	null	null	null	2.0	null	null	null	null	null	null	null	null	
404.28	4	28.04.2004	1	22	null	null	null	null	null	null	null	null	null	0.0	null	null	null	null	null	null	null	null	null	-99.9	null	null	25.0	null	null	null	null	null	null	null	null	null	null	null	null	-99.9	null	3.0	null	null	null	null	null	null	null	null	null	null	null	null	null	null	null	null	null	-99.9	null	null	null	null	null	null	null	null	null	null	null	null	null	null	null	-99.9	null	null	null	null	null	null	null	null	5.0	null	null	10.0	null	null	null	null	null	null	null	null	null	1.0	null	null	null	null	null	null	null	null	2.0	null	null	null	null	null	null	null	null	
404.28	7	28.04.2004	4	1	null	null	null	null	null	null	null	null	null	0.0	null	null	null	null	null	null	null	null	null	-99.9	null	null	null	null	null	null	null	null	null	null	null	null	null	null	null	-99.9	null	3.0	null	null	null	null	null	null	null	null	null	null	null	null	null	null	null	null	null	-99.9	null	null	null	null	null	null	null	null	null	null	null	null	null	null	null	-99.9	null	null	null	null	null	null	null	null	5.0	null	null	10.0	null	null	null	null	null	null	null	null	null	1.0	null	null	null	null	null	null	null	null	2.0	null	null	null	null	null	null	null	null	
404.28	10	28.04.2004	7	4	null	null	null	null	null	null	null	null	null	-99.9	null	null	null	null	null	null	null	null	null	-99.9	null	null	null	null	null	null	null	null	null	null	null	null	null	null	null	-99.9	null	3.0	null	null	null	null	null	null	null	null	null	null	null	null	null	null	null	null	null	-99.9	null	null	null	null	null	null	null	null	null	null	null	null	null	null	null	-99.9	null	null	null	null	null	null	null	null	5.0	null	null	5.0	null	null	null	null	null	null	null	null	null	1.0	null	null	null	null	null	null	null	null	2.0	null	null	null	null	null	null	null	null	
404.28	13	28.04.2004	10	7	null	null	null	null	null	null	null	null	null	-99.9	null	null	null	null	null	null	null	null	null	-99.9	null	null	null	null	null	null	null	null	null	null	null	null	null	null	null	-99.9	null	3.0	null	null	null	null	null	null	null	null	null	null	null	null	null	null	null	null	null	-99.9	null	null	null	null	null	null	null	null	null	null	null	null	null	null	null	-99.9	null	null	null	null	null	null	null	null	5.0	null	null	5.0	null	null	null	null	null	null	null	null	null	0.0	null	null	null	null	null	null	null	null	2.0	null	null	null	null	null	null	null	null	
404.28	16	28.04.2004	13	10	null	null	null	null	null	null	null	null	null	-99.9	null	null	null	null	null	null	null	null	null	-99.9	null	null	null	null	null	null	null	null	null	null	null	null	null	null	null	-99.9	null	3.0	null	null	null	null	null	null	null	null	null	null	null	null	null	null	null	null	null	-99.9	null	null	null	null	null	null	null	null	null	null	null	null	null	null	null	-99.9	null	null	null	null	null	null	null	null	5.0	null	null	5.0	null	null	null	null	null	null	null	null	null	0.0	null	null	null	null	null	null	null	null	2.0	null	null	null	null	null	null	null	null	
404.28	19	28.04.2004	16	13	null	null	null	null	null	null	null	null	null	-99.9	null	null	null	null	null	null	null	null	null	-99.9	null	null	null	null	null	null	null	null	null	null	null	null	null	null	null	-99.9	null	3.5	null	null	null	null	null	null	null	null	null	null	null	null	null	null	null	null	null	-99.9	null	null	null	null	null	null	null	null	null	null	null	null	null	null	null	-99.9	null	null	null	null	null	null	null	null	5.0	null	null	1.0	null	null	null	null	null	null	null	null	null	0.0	null	null	null	null	null	null	null	null	2.0	null	null	null	null	null	null	null	null	
404.28	22	28.04.2004	19	16	null	null	null	null	null	null	null	null	null	-99.9	null	null	null	null	null	null	null	null	null	-99.9	null	null	null	null	null	null	null	null	null	null	null	null	null	null	null	-99.9	null	3.5	null	null	null	null	null	null	null	null	null	null	null	null	null	null	null	null	null	-99.9	null	null	null	null	null	null	null	null	null	null	null	null	null	null	null	-99.9	null	null	null	null	null	null	null	null	5.0	null	null	1.0	null	null	null	null	null	null	null	null	null	0.0	null	null	null	null	null	null	null	null	2.0	null	null	null	null	null	null	null	null	
404.29	1	29.04.2004	22	19	null	null	null	null	null	null	null	null	null	-99.9	null	null	null	null	null	null	null	null	null	-99.9	null	null	null	null	null	null	null	null	null	null	null	null	null	null	null	-99.9	null	3.5	null	null	null	null	null	null	null	null	null	null	null	null	null	null	null	null	null	-99.9	null	null	null	null	null	null	null	null	null	null	null	null	null	null	null	-99.9	null	null	null	null	null	null	null	null	5.0	null	null	1.0	null	null	null	null	null	null	null	null	null	0.0	null	null	null	null	null	null	null	null	2.0	null	null	null	null	null	null	null	null	
404.29	4	29.04.2004	1	22	null	null	null	null	null	null	null	null	null	-99.9	null	null	null	null	null	null	null	null	null	-99.9	null	null	null	null	null	null	null	null	null	null	null	null	null	null	null	-99.9	null	3.5	null	null	null	null	null	null	null	null	null	null	null	null	null	null	null	null	null	-99.9	null	null	null	null	null	null	null	null	null	null	null	null	null	null	null	-99.9	null	null	null	null	null	null	null	null	5.0	null	null	1.0	null	null	null	null	null	null	null	null	null	0.0	null	null	null	null	null	null	null	null	2.0	null	null	null	null	null	null	null	null	
404.29	7	29.04.2004	4	1	null	null	null	null	null	null	null	null	null	-99.9	null	null	null	null	null	null	null	null	null	-99.9	null	null	null	null	null	null	null	null	null	null	null	null	null	null	null	-99.9	null	3.5	null	null	null	null	null	null	null	null	null	null	null	null	null	null	null	null	null	-99.9	null	null	null	null	null	null	null	null	null	null	null	null	null	null	null	-99.9	null	null	null	null	null	null	null	null	1.0	null	null	0.0	null	null	null	null	null	null	null	null	null	0.0	null	null	null	null	null	null	null	null	2.0	null	null	null	null	null	null	null	null	
404.29	10	29.04.2004	7	4	null	null	null	null	null	null	null	null	null	-99.9	null	null	null	null	null	null	null	null	null	-99.9	null	null	null	null	null	null	null	null	null	null	null	null	null	null	null	-99.9	null	3.0	null	null	null	null	null	null	null	null	null	null	null	null	null	null	null	null	null	-99.9	null	null	null	null	null	null	null	null	null	null	null	null	null	null	null	-99.9	null	null	null	null	null	null	null	null	1.0	null	null	0.0	null	null	null	null	null	null	null	null	null	0.0	null	null	null	null	null	null	null	null	2.0	null	null	null	null	null	null	null	null	
404.29	13	29.04.2004	10	7	null	null	null	null	null	null	null	null	null	-99.9	null	null	null	null	null	null	null	null	null	-99.9	null	null	null	null	null	null	null	null	null	null	null	null	null	null	null	-99.9	null	3.0	null	null	null	null	null	null	null	null	null	null	null	null	null	null	null	null	null	-99.9	null	null	null	null	null	null	null	null	null	null	null	null	null	null	null	-99.9	null	null	null	null	null	null	null	null	1.0	null	null	0.0	null	null	null	null	null	null	null	null	null	0.0	null	null	null	null	null	null	null	null	2.0	null	null	null	null	null	null	null	null	
404.29	16	29.04.2004	13	10	null	null	null	null	null	null	null	null	null	-99.9	null	null	null	null	null	null	null	null	null	-99.9	null	null	null	null	null	null	null	null	null	null	null	null	null	null	null	-99.9	null	3.0	null	null	null	null	null	null	null	null	null	null	null	null	null	null	null	null	null	-99.9	null	null	null	null	null	null	null	null	null	null	null	null	null	null	null	-99.9	null	null	null	null	null	null	null	null	0.0	null	null	0.0	null	null	null	null	null	null	null	null	null	0.0	null	null	null	null	null	null	null	null	2.0	null	null	null	null	null	null	null	null	
404.29	19	29.04.2004	16	13	null	null	null	null	null	null	null	null	null	-99.9	null	null	null	null	null	null	null	null	null	-99.9	null	null	null	null	null	null	null	null	null	null	null	null	null	null	null	-99.9	null	3.0	null	null	null	null	null	null	null	null	null	null	null	null	null	null	null	null	null	-99.9	null	null	null	null	null	null	null	null	null	null	null	null	null	null	null	-99.9	null	null	null	null	null	null	null	null	0.0	null	null	0.0	null	null	null	null	null	null	null	null	null	0.0	null	null	null	null	null	null	null	null	2.0	null	null	null	null	null	null	null	null	
404.29	22	29.04.2004	19	16	null	null	null	null	null	null	null	null	null	-99.9	null	null	null	null	null	null	null	null	null	-99.9	null	null	null	null	null	null	null	null	null	null	null	null	null	null	null	-99.9	null	3.0	null	null	null	null	null	null	null	null	null	null	null	null	null	null	null	null	null	-99.9	null	null	null	null	null	null	null	null	null	null	null	null	null	null	null	-99.9	null	null	null	null	null	null	null	null	0.0	null	null	0.0	null	null	null	null	null	null	null	null	null	0.0	null	null	null	null	null	null	null	null	2.0	null	null	null	null	null	null	null	null	
404.3	1	30.04.2004	22	19	null	null	null	null	null	null	null	null	null	-99.9	null	null	null	null	null	null	null	null	null	-99.9	null	null	null	null	null	null	null	null	null	null	null	null	null	null	null	-99.9	null	3.0	null	null	null	null	null	null	null	null	null	null	null	null	null	null	null	null	null	-99.9	null	null	null	null	null	null	null	null	null	null	null	null	null	null	null	-99.9	null	null	null	null	null	null	null	null	0.0	null	null	0.0	null	null	null	null	null	null	null	null	null	0.0	null	null	null	null	null	null	null	null	2.0	null	null	null	null	null	null	null	null	
404.3	4	30.04.2004	1	22	null	null	null	null	null	null	null	null	null	-99.9	null	null	null	null	null	null	null	null	null	-99.9	null	null	null	null	null	null	null	null	null	null	null	null	null	null	null	-99.9	null	3.0	null	null	null	null	null	null	null	null	null	null	null	null	null	null	null	null	null	-99.9	null	null	null	null	null	null	null	null	null	null	null	null	null	null	null	-99.9	null	null	null	null	null	null	null	null	0.0	null	null	0.0	null	null	null	null	null	null	null	null	null	0.0	null	null	null	null	null	null	null	null	2.0	null	null	null	null	null	null	null	null	
404.3	7	30.04.2004	4	1	null	null	null	null	null	null	null	null	null	-99.9	null	null	null	null	null	null	null	null	null	-99.9	null	null	null	null	null	null	null	null	null	null	null	null	null	null	null	-99.9	null	3.0	null	null	null	null	null	null	null	null	null	null	null	null	null	null	null	null	null	-99.9	null	null	null	null	null	null	null	null	null	null	null	null	null	null	null	-99.9	null	null	null	null	null	null	null	null	0.0	null	null	0.0	null	null	null	null	null	null	null	null	null	0.0	null	null	null	null	null	null	null	null	2.0	null	null	null	null	null	null	null	null	
404.3	10	30.04.2004	7	4	null	null	null	null	null	null	null	null	null	-99.9	null	null	null	null	null	null	null	null	null	-99.9	null	null	null	null	null	null	null	null	null	null	null	null	null	null	null	-99.9	null	3.0	null	null	null	null	null	null	null	null	null	null	null	null	null	null	null	null	null	-99.9	null	null	null	null	null	null	null	null	null	null	null	null	null	null	null	-99.9	null	null	null	null	null	null	null	null	0.0	null	null	0.0	null	null	null	null	null	null	null	null	null	0.0	null	null	null	null	null	null	null	null	2.0	null	null	null	null	null	null	null	null	
404.3	13	30.04.2004	10	7	null	null	null	null	null	null	null	null	null	-99.9	null	null	null	null	null	null	null	null	null	-99.9	null	null	null	null	null	null	null	null	null	null	null	null	null	null	null	-99.9	null	3.0	null	null	null	null	null	null	null	null	null	null	null	null	null	null	null	null	null	-99.9	null	null	null	null	null	null	null	null	null	null	null	null	null	null	null	-99.9	null	null	null	null	null	null	null	null	0.0	null	null	0.0	null	null	null	null	null	null	null	null	null	0.0	null	null	null	null	null	null	null	null	2.0	null	null	null	null	null	null	null	null	
Rechenkern wird aufgerufen
Rechenkern wird vorbereitet
\\Pc242\kalypsotemp\CalcJob-0-1099475965055\input\native\spree.exe 2004,04,27,10,00,00 \\Pc242\kalypsotemp\CalcJob-0-1099475965055\input\native\HW040427.dbf
Ausgabe des Rechenkerns
#######################
#########START#########
#######################

Initialisiere xHwKernel.dll
Setze Zeitpunkt: 27.4.2004  10:0:0
Oeffne Datei:\\Pc242\kalypsotemp\CalcJob-0-1099475965055\input\native\HW040427.dbf
Berechnung wird gestartet
Schrigiswalde
Bautzen WB
TS Bautzen
Gröditz
Kleine Spree
Lieske
Jänkendorf
TS Quitzdorf
Särichen
Boxberg
Bärwalde
Lohsa II
Sprey
Burgneudorf
Spreewitz
Restlochkette
Spremberg
Berechnung abgeschlossen, Ergebnisse werden geschrieben
Berechnung erfolgreich beendet
#######################
#########ENDE#########
#######################

Ergebnisse werden zurückgelesen
Berechnung beendet
