
          *****************************************************
          *****************************************************
          ****                                             ****
          ****      HAMBURG UNIVERSITY OF TECHNOLOGY       ****
          ****                                             ****
          **** Department of River and Coastal Engineering ****
          ****                                             ****
          ****                                             ****
          ****            K A L Y P S O - N A              ****
          ****                                             ****
          ****                                             ****
          ****           Rainfall-Runoff-Model             ****
          ****                                             ****
          ****                                             ****
          ****                                             ****
          ****     VERS.  2.1.0    STATUS: 24.06.2008      ****
          ****                                             ****
          ****                                             ****
          ****     Contact:        Dipl.-Ing J. Nordmeier  ****
          ****                     nordmeier@tuhh.de       ****
          *****************************************************
          *****************************************************

          *****************************************************
          *****************************************************
          ****                                             ****
          ****     DEBUGINFO                               ****
          ****     Hauptroutine: kalypso-na.f90           ****
          ****     ZYKLUS:
