





          *****************************************************
          *****************************************************
          ****                                             ****
          ****      TU HAMBURG-HARBURG, AB WASSERBAU       ****
          ****                                             ****
          ****                                             ****
          ****            K A L Y P S O - N A              ****
          ****                                             ****
          ****                                             ****
          ****      NIEDERSCHLAG-ABFLUSS-MODELLIERUNG      ****
          ****                                             ****
          ****                                             ****
          ****                                             ****
          ****                                             ****
          ****     VERS.  2.0.1       Stand: 03.08.2004    ****
          ****                                             ****
          ****                                             ****
          *****************************************************
          *****************************************************




 bearbeitung fall: 2 .. we nat  1995 08 30 08 1995 09 08 14 start\we_nat_start.txt                                                         
debug: length ,path  0                                                                                       
Debug: length ,path  0                                                                                       


xxxxxxxxxxxxxxxxxxxxxxxxxxxxxxxxxxx

   neuer Jahreszyklus 

         Jahr:      1995
         Zyklus:       1




 auswertung des stranges  1000


 auswertung von gebiet  1800


xxx zeitraum mit niederschlagsdaten 
xxx kuerzer als simulationszeitraum!
xxx letzter niederschlagswert (h):    222.0
xxx ende simulationszeitraum (h):     222.0
xxx eingelesener Niederschlag:     68.0 mm
xxx Datenfile:  ..\klima.dat\C_1000.N                                                                                                   
 xerr gws-speicher2 :     0.4011
 xerr2 gws-speicher :     0.0025
 q_gws+q_basis :     6.6353
 xerr2 gws-speicher nach korrekt. :     0.0000
 ISO: Normierungsfaktor = 1.0000
 ISO: Summe normierter uh =   1.0000

ISOV: Retentionskonstanten:   5.0       0.0       0.0
ISOV: Speicheranzahl:         3.0       0.0       3.0
ISOV: Aufteilngsfaktor:      1.00      0.00
 ISOV: Normierungsfaktor =       1.00
 ISOV: Summe normierter UH-Ordinaten =     1.0000
 ISOV: Anz. Zeitschritte UH =   87
ISOV: Retentionskonstanten:******       0.0       0.0
ISOV: Speicheranzahl:         3.0       0.0       3.0
ISOV: Aufteilngsfaktor:      1.00      0.00
ISOV: Warnung! UH nicht korrekt.
 ISOV: Summe der UH-Ordinaten = 0.003213
 ISOV: Wert uh(ituh) =       0.0000 bei ituh = 2880
 ISOV: Normierungsfaktor =     311.24
 ISOV: Summe normierter UH-Ordinaten =     1.0000
 ISOV: Anz. Zeitschritte UH = 2880


 auswertung des stranges  1800


 auswertung des stranges 10002


xxx berechnung wurde ohne fehler beendet!
